mode: set
github.com/creativesoftwarefdn/weaviate/auth/authentication/oidc/middleware.go:28.46,34.2 2 1
github.com/creativesoftwarefdn/weaviate/auth/authentication/oidc/middleware.go:37.95,38.23 1 1
github.com/creativesoftwarefdn/weaviate/auth/authentication/oidc/middleware.go:42.2,42.36 1 0
github.com/creativesoftwarefdn/weaviate/auth/authentication/oidc/middleware.go:38.23,40.3 1 1
github.com/creativesoftwarefdn/weaviate/contextionary/annoyindex/annoyindex.go:132.30,135.2 2 0
github.com/creativesoftwarefdn/weaviate/contextionary/annoyindex/annoyindex.go:137.48,142.2 4 0
github.com/creativesoftwarefdn/weaviate/contextionary/annoyindex/annoyindex.go:146.48,148.2 1 0
github.com/creativesoftwarefdn/weaviate/contextionary/annoyindex/annoyindex.go:150.49,151.2 0 0
github.com/creativesoftwarefdn/weaviate/contextionary/annoyindex/annoyindex.go:153.40,156.2 2 0
github.com/creativesoftwarefdn/weaviate/contextionary/annoyindex/annoyindex.go:158.66,163.30 5 0
github.com/creativesoftwarefdn/weaviate/contextionary/annoyindex/annoyindex.go:163.30,165.3 1 0
github.com/creativesoftwarefdn/weaviate/contextionary/annoyindex/annoyindex.go:168.48,172.2 3 0
github.com/creativesoftwarefdn/weaviate/contextionary/annoyindex/annoyindex.go:174.67,179.30 5 0
github.com/creativesoftwarefdn/weaviate/contextionary/annoyindex/annoyindex.go:182.2,182.15 1 0
github.com/creativesoftwarefdn/weaviate/contextionary/annoyindex/annoyindex.go:179.30,181.3 1 0
github.com/creativesoftwarefdn/weaviate/contextionary/annoyindex/annoyindex.go:185.41,188.2 2 0
github.com/creativesoftwarefdn/weaviate/contextionary/annoyindex/annoyindex.go:190.67,195.30 5 0
github.com/creativesoftwarefdn/weaviate/contextionary/annoyindex/annoyindex.go:198.2,198.15 1 0
github.com/creativesoftwarefdn/weaviate/contextionary/annoyindex/annoyindex.go:195.30,197.3 1 0
github.com/creativesoftwarefdn/weaviate/contextionary/annoyindex/annoyindex.go:201.84,208.2 6 0
github.com/creativesoftwarefdn/weaviate/contextionary/annoyindex/annoyindex.go:210.113,218.2 7 0
github.com/creativesoftwarefdn/weaviate/contextionary/annoyindex/annoyindex.go:220.121,228.30 8 0
github.com/creativesoftwarefdn/weaviate/contextionary/annoyindex/annoyindex.go:228.30,230.3 1 0
github.com/creativesoftwarefdn/weaviate/contextionary/annoyindex/annoyindex.go:233.96,240.2 6 0
github.com/creativesoftwarefdn/weaviate/contextionary/annoyindex/annoyindex.go:242.60,244.15 2 0
github.com/creativesoftwarefdn/weaviate/contextionary/annoyindex/annoyindex.go:248.2,248.15 1 0
github.com/creativesoftwarefdn/weaviate/contextionary/annoyindex/annoyindex.go:252.2,252.48 1 0
github.com/creativesoftwarefdn/weaviate/contextionary/annoyindex/annoyindex.go:244.15,247.3 2 0
github.com/creativesoftwarefdn/weaviate/contextionary/annoyindex/annoyindex.go:248.15,251.3 2 0
github.com/creativesoftwarefdn/weaviate/contextionary/annoyindex/annoyindex.go:255.104,262.30 7 0
github.com/creativesoftwarefdn/weaviate/contextionary/annoyindex/annoyindex.go:262.30,264.3 1 0
github.com/creativesoftwarefdn/weaviate/contextionary/annoyindex/annoyindex.go:267.62,269.15 2 0
github.com/creativesoftwarefdn/weaviate/contextionary/annoyindex/annoyindex.go:273.2,273.15 1 0
github.com/creativesoftwarefdn/weaviate/contextionary/annoyindex/annoyindex.go:277.2,277.48 1 0
github.com/creativesoftwarefdn/weaviate/contextionary/annoyindex/annoyindex.go:269.15,272.3 2 0
github.com/creativesoftwarefdn/weaviate/contextionary/annoyindex/annoyindex.go:273.15,276.3 2 0
github.com/creativesoftwarefdn/weaviate/contextionary/annoyindex/annoyindex.go:280.60,285.2 4 0
github.com/creativesoftwarefdn/weaviate/contextionary/annoyindex/annoyindex.go:287.51,291.2 3 0
github.com/creativesoftwarefdn/weaviate/contextionary/annoyindex/annoyindex.go:293.67,298.2 4 0
github.com/creativesoftwarefdn/weaviate/contextionary/annoyindex/annoyindex.go:300.45,304.2 3 0
github.com/creativesoftwarefdn/weaviate/contextionary/annoyindex/annoyindex.go:324.55,326.2 1 6
github.com/creativesoftwarefdn/weaviate/contextionary/annoyindex/annoyindex.go:328.63,329.2 0 0
github.com/creativesoftwarefdn/weaviate/contextionary/annoyindex/annoyindex.go:331.67,336.2 4 6
github.com/creativesoftwarefdn/weaviate/contextionary/annoyindex/annoyindex.go:338.54,341.2 2 6
github.com/creativesoftwarefdn/weaviate/contextionary/annoyindex/annoyindex.go:343.79,347.30 4 14
github.com/creativesoftwarefdn/weaviate/contextionary/annoyindex/annoyindex.go:347.30,349.3 1 0
github.com/creativesoftwarefdn/weaviate/contextionary/annoyindex/annoyindex.go:352.61,355.2 2 5
github.com/creativesoftwarefdn/weaviate/contextionary/annoyindex/annoyindex.go:357.80,361.30 4 1
github.com/creativesoftwarefdn/weaviate/contextionary/annoyindex/annoyindex.go:364.2,364.15 1 1
github.com/creativesoftwarefdn/weaviate/contextionary/annoyindex/annoyindex.go:361.30,363.3 1 0
github.com/creativesoftwarefdn/weaviate/contextionary/annoyindex/annoyindex.go:367.54,369.2 1 0
github.com/creativesoftwarefdn/weaviate/contextionary/annoyindex/annoyindex.go:371.80,375.30 4 1
github.com/creativesoftwarefdn/weaviate/contextionary/annoyindex/annoyindex.go:378.2,378.15 1 1
github.com/creativesoftwarefdn/weaviate/contextionary/annoyindex/annoyindex.go:375.30,377.3 1 0
github.com/creativesoftwarefdn/weaviate/contextionary/annoyindex/annoyindex.go:381.97,387.2 5 1
github.com/creativesoftwarefdn/weaviate/contextionary/annoyindex/annoyindex.go:389.126,396.2 6 0
github.com/creativesoftwarefdn/weaviate/contextionary/annoyindex/annoyindex.go:398.109,404.2 5 2
github.com/creativesoftwarefdn/weaviate/contextionary/annoyindex/annoyindex.go:406.67,408.15 2 2
github.com/creativesoftwarefdn/weaviate/contextionary/annoyindex/annoyindex.go:412.2,412.15 1 0
github.com/creativesoftwarefdn/weaviate/contextionary/annoyindex/annoyindex.go:416.2,416.48 1 0
github.com/creativesoftwarefdn/weaviate/contextionary/annoyindex/annoyindex.go:408.15,411.3 2 2
github.com/creativesoftwarefdn/weaviate/contextionary/annoyindex/annoyindex.go:412.15,415.3 2 0
github.com/creativesoftwarefdn/weaviate/contextionary/annoyindex/annoyindex.go:419.134,426.30 7 0
github.com/creativesoftwarefdn/weaviate/contextionary/annoyindex/annoyindex.go:426.30,428.3 1 0
github.com/creativesoftwarefdn/weaviate/contextionary/annoyindex/annoyindex.go:431.117,437.30 6 3
github.com/creativesoftwarefdn/weaviate/contextionary/annoyindex/annoyindex.go:437.30,439.3 1 0
github.com/creativesoftwarefdn/weaviate/contextionary/annoyindex/annoyindex.go:442.69,444.15 2 3
github.com/creativesoftwarefdn/weaviate/contextionary/annoyindex/annoyindex.go:448.2,448.15 1 0
github.com/creativesoftwarefdn/weaviate/contextionary/annoyindex/annoyindex.go:452.2,452.48 1 0
github.com/creativesoftwarefdn/weaviate/contextionary/annoyindex/annoyindex.go:444.15,447.3 2 3
github.com/creativesoftwarefdn/weaviate/contextionary/annoyindex/annoyindex.go:448.15,451.3 2 0
github.com/creativesoftwarefdn/weaviate/contextionary/annoyindex/annoyindex.go:455.73,459.2 3 0
github.com/creativesoftwarefdn/weaviate/contextionary/annoyindex/annoyindex.go:461.64,464.2 2 0
github.com/creativesoftwarefdn/weaviate/contextionary/annoyindex/annoyindex.go:466.80,470.2 3 3
github.com/creativesoftwarefdn/weaviate/contextionary/annoyindex/annoyindex.go:472.56,473.2 0 0
github.com/creativesoftwarefdn/weaviate/contextionary/annoyindex/annoyindex.go:475.67,477.2 1 0
github.com/creativesoftwarefdn/weaviate/contextionary/annoyindex/annoyindex.go:499.57,501.2 1 1
github.com/creativesoftwarefdn/weaviate/contextionary/annoyindex/annoyindex.go:503.67,504.2 0 0
github.com/creativesoftwarefdn/weaviate/contextionary/annoyindex/annoyindex.go:506.71,511.2 4 1
github.com/creativesoftwarefdn/weaviate/contextionary/annoyindex/annoyindex.go:513.58,516.2 2 1
github.com/creativesoftwarefdn/weaviate/contextionary/annoyindex/annoyindex.go:518.81,522.30 4 10000
github.com/creativesoftwarefdn/weaviate/contextionary/annoyindex/annoyindex.go:522.30,524.3 1 0
github.com/creativesoftwarefdn/weaviate/contextionary/annoyindex/annoyindex.go:527.63,530.2 2 1
github.com/creativesoftwarefdn/weaviate/contextionary/annoyindex/annoyindex.go:532.82,536.30 4 0
github.com/creativesoftwarefdn/weaviate/contextionary/annoyindex/annoyindex.go:539.2,539.15 1 0
github.com/creativesoftwarefdn/weaviate/contextionary/annoyindex/annoyindex.go:536.30,538.3 1 0
github.com/creativesoftwarefdn/weaviate/contextionary/annoyindex/annoyindex.go:542.56,544.2 1 0
github.com/creativesoftwarefdn/weaviate/contextionary/annoyindex/annoyindex.go:546.82,550.30 4 0
github.com/creativesoftwarefdn/weaviate/contextionary/annoyindex/annoyindex.go:553.2,553.15 1 0
github.com/creativesoftwarefdn/weaviate/contextionary/annoyindex/annoyindex.go:550.30,552.3 1 0
github.com/creativesoftwarefdn/weaviate/contextionary/annoyindex/annoyindex.go:556.99,562.2 5 0
github.com/creativesoftwarefdn/weaviate/contextionary/annoyindex/annoyindex.go:564.128,571.2 6 0
github.com/creativesoftwarefdn/weaviate/contextionary/annoyindex/annoyindex.go:573.111,579.2 5 10000
github.com/creativesoftwarefdn/weaviate/contextionary/annoyindex/annoyindex.go:581.69,583.15 2 10000
github.com/creativesoftwarefdn/weaviate/contextionary/annoyindex/annoyindex.go:587.2,587.15 1 0
github.com/creativesoftwarefdn/weaviate/contextionary/annoyindex/annoyindex.go:591.2,591.48 1 0
github.com/creativesoftwarefdn/weaviate/contextionary/annoyindex/annoyindex.go:583.15,586.3 2 10000
github.com/creativesoftwarefdn/weaviate/contextionary/annoyindex/annoyindex.go:587.15,590.3 2 0
github.com/creativesoftwarefdn/weaviate/contextionary/annoyindex/annoyindex.go:594.136,601.30 7 0
github.com/creativesoftwarefdn/weaviate/contextionary/annoyindex/annoyindex.go:601.30,603.3 1 0
github.com/creativesoftwarefdn/weaviate/contextionary/annoyindex/annoyindex.go:606.119,612.30 6 0
github.com/creativesoftwarefdn/weaviate/contextionary/annoyindex/annoyindex.go:612.30,614.3 1 0
github.com/creativesoftwarefdn/weaviate/contextionary/annoyindex/annoyindex.go:617.71,619.15 2 0
github.com/creativesoftwarefdn/weaviate/contextionary/annoyindex/annoyindex.go:623.2,623.15 1 0
github.com/creativesoftwarefdn/weaviate/contextionary/annoyindex/annoyindex.go:627.2,627.48 1 0
github.com/creativesoftwarefdn/weaviate/contextionary/annoyindex/annoyindex.go:619.15,622.3 2 0
github.com/creativesoftwarefdn/weaviate/contextionary/annoyindex/annoyindex.go:623.15,626.3 2 0
github.com/creativesoftwarefdn/weaviate/contextionary/annoyindex/annoyindex.go:630.75,634.2 3 0
github.com/creativesoftwarefdn/weaviate/contextionary/annoyindex/annoyindex.go:636.66,639.2 2 0
github.com/creativesoftwarefdn/weaviate/contextionary/annoyindex/annoyindex.go:641.82,645.2 3 0
github.com/creativesoftwarefdn/weaviate/contextionary/annoyindex/annoyindex.go:647.58,648.2 0 0
github.com/creativesoftwarefdn/weaviate/contextionary/annoyindex/annoyindex.go:650.69,652.2 1 0
github.com/creativesoftwarefdn/weaviate/contextionary/annoyindex/annoyindex.go:674.57,676.2 1 0
github.com/creativesoftwarefdn/weaviate/contextionary/annoyindex/annoyindex.go:678.67,679.2 0 0
github.com/creativesoftwarefdn/weaviate/contextionary/annoyindex/annoyindex.go:681.71,686.2 4 0
github.com/creativesoftwarefdn/weaviate/contextionary/annoyindex/annoyindex.go:688.58,691.2 2 0
github.com/creativesoftwarefdn/weaviate/contextionary/annoyindex/annoyindex.go:693.81,697.30 4 0
github.com/creativesoftwarefdn/weaviate/contextionary/annoyindex/annoyindex.go:697.30,699.3 1 0
github.com/creativesoftwarefdn/weaviate/contextionary/annoyindex/annoyindex.go:702.63,705.2 2 0
github.com/creativesoftwarefdn/weaviate/contextionary/annoyindex/annoyindex.go:707.82,711.30 4 0
github.com/creativesoftwarefdn/weaviate/contextionary/annoyindex/annoyindex.go:714.2,714.15 1 0
github.com/creativesoftwarefdn/weaviate/contextionary/annoyindex/annoyindex.go:711.30,713.3 1 0
github.com/creativesoftwarefdn/weaviate/contextionary/annoyindex/annoyindex.go:717.56,719.2 1 0
github.com/creativesoftwarefdn/weaviate/contextionary/annoyindex/annoyindex.go:721.82,725.30 4 0
github.com/creativesoftwarefdn/weaviate/contextionary/annoyindex/annoyindex.go:728.2,728.15 1 0
github.com/creativesoftwarefdn/weaviate/contextionary/annoyindex/annoyindex.go:725.30,727.3 1 0
github.com/creativesoftwarefdn/weaviate/contextionary/annoyindex/annoyindex.go:731.99,737.2 5 0
github.com/creativesoftwarefdn/weaviate/contextionary/annoyindex/annoyindex.go:739.128,746.2 6 0
github.com/creativesoftwarefdn/weaviate/contextionary/annoyindex/annoyindex.go:748.111,754.2 5 0
github.com/creativesoftwarefdn/weaviate/contextionary/annoyindex/annoyindex.go:756.69,758.15 2 0
github.com/creativesoftwarefdn/weaviate/contextionary/annoyindex/annoyindex.go:762.2,762.15 1 0
github.com/creativesoftwarefdn/weaviate/contextionary/annoyindex/annoyindex.go:766.2,766.48 1 0
github.com/creativesoftwarefdn/weaviate/contextionary/annoyindex/annoyindex.go:758.15,761.3 2 0
github.com/creativesoftwarefdn/weaviate/contextionary/annoyindex/annoyindex.go:762.15,765.3 2 0
github.com/creativesoftwarefdn/weaviate/contextionary/annoyindex/annoyindex.go:769.136,776.30 7 0
github.com/creativesoftwarefdn/weaviate/contextionary/annoyindex/annoyindex.go:776.30,778.3 1 0
github.com/creativesoftwarefdn/weaviate/contextionary/annoyindex/annoyindex.go:781.119,787.30 6 0
github.com/creativesoftwarefdn/weaviate/contextionary/annoyindex/annoyindex.go:787.30,789.3 1 0
github.com/creativesoftwarefdn/weaviate/contextionary/annoyindex/annoyindex.go:792.71,794.15 2 0
github.com/creativesoftwarefdn/weaviate/contextionary/annoyindex/annoyindex.go:798.2,798.15 1 0
github.com/creativesoftwarefdn/weaviate/contextionary/annoyindex/annoyindex.go:802.2,802.48 1 0
github.com/creativesoftwarefdn/weaviate/contextionary/annoyindex/annoyindex.go:794.15,797.3 2 0
github.com/creativesoftwarefdn/weaviate/contextionary/annoyindex/annoyindex.go:798.15,801.3 2 0
github.com/creativesoftwarefdn/weaviate/contextionary/annoyindex/annoyindex.go:805.75,809.2 3 0
github.com/creativesoftwarefdn/weaviate/contextionary/annoyindex/annoyindex.go:811.66,814.2 2 0
github.com/creativesoftwarefdn/weaviate/contextionary/annoyindex/annoyindex.go:816.82,820.2 3 0
github.com/creativesoftwarefdn/weaviate/contextionary/annoyindex/annoyindex.go:822.58,823.2 0 0
github.com/creativesoftwarefdn/weaviate/contextionary/annoyindex/annoyindex.go:825.69,827.2 1 0
github.com/creativesoftwarefdn/weaviate/contextionary/centroid.go:18.57,21.36 2 2
github.com/creativesoftwarefdn/weaviate/contextionary/centroid.go:25.2,25.50 1 2
github.com/creativesoftwarefdn/weaviate/contextionary/centroid.go:21.36,23.3 1 5
github.com/creativesoftwarefdn/weaviate/contextionary/centroid.go:28.84,30.23 1 5
github.com/creativesoftwarefdn/weaviate/contextionary/centroid.go:30.23,32.3 1 0
github.com/creativesoftwarefdn/weaviate/contextionary/centroid.go:32.8,32.41 1 5
github.com/creativesoftwarefdn/weaviate/contextionary/centroid.go:32.41,34.3 1 0
github.com/creativesoftwarefdn/weaviate/contextionary/centroid.go:34.8,34.30 1 5
github.com/creativesoftwarefdn/weaviate/contextionary/centroid.go:34.30,36.3 1 0
github.com/creativesoftwarefdn/weaviate/contextionary/centroid.go:36.8,42.36 4 5
github.com/creativesoftwarefdn/weaviate/contextionary/centroid.go:54.3,54.35 1 5
github.com/creativesoftwarefdn/weaviate/contextionary/centroid.go:58.3,59.22 2 5
github.com/creativesoftwarefdn/weaviate/contextionary/centroid.go:42.36,43.29 1 11
github.com/creativesoftwarefdn/weaviate/contextionary/centroid.go:47.4,49.36 2 11
github.com/creativesoftwarefdn/weaviate/contextionary/centroid.go:43.29,45.5 1 0
github.com/creativesoftwarefdn/weaviate/contextionary/centroid.go:49.36,51.5 1 33
github.com/creativesoftwarefdn/weaviate/contextionary/centroid.go:54.35,56.4 1 15
github.com/creativesoftwarefdn/weaviate/contextionary/combined.go:33.76,38.22 1 5
github.com/creativesoftwarefdn/weaviate/contextionary/combined.go:42.2,48.36 4 5
github.com/creativesoftwarefdn/weaviate/contextionary/combined.go:66.2,66.105 1 5
github.com/creativesoftwarefdn/weaviate/contextionary/combined.go:38.22,40.3 1 0
github.com/creativesoftwarefdn/weaviate/contextionary/combined.go:48.36,61.33 5 13
github.com/creativesoftwarefdn/weaviate/contextionary/combined.go:61.33,63.4 1 0
github.com/creativesoftwarefdn/weaviate/contextionary/combined.go:71.49,72.42 1 2
github.com/creativesoftwarefdn/weaviate/contextionary/combined.go:90.2,90.12 1 2
github.com/creativesoftwarefdn/weaviate/contextionary/combined.go:72.42,73.52 1 4
github.com/creativesoftwarefdn/weaviate/contextionary/combined.go:73.52,75.18 2 10
github.com/creativesoftwarefdn/weaviate/contextionary/combined.go:79.4,79.44 1 10
github.com/creativesoftwarefdn/weaviate/contextionary/combined.go:75.18,76.71 1 0
github.com/creativesoftwarefdn/weaviate/contextionary/combined.go:79.44,80.27 1 20
github.com/creativesoftwarefdn/weaviate/contextionary/combined.go:80.27,82.28 2 10
github.com/creativesoftwarefdn/weaviate/contextionary/combined.go:82.28,84.7 1 0
github.com/creativesoftwarefdn/weaviate/contextionary/combined.go:93.49,95.2 1 4
github.com/creativesoftwarefdn/weaviate/contextionary/combined.go:97.48,99.2 1 0
github.com/creativesoftwarefdn/weaviate/contextionary/combined.go:101.65,102.34 1 143
github.com/creativesoftwarefdn/weaviate/contextionary/combined.go:110.2,110.11 1 0
github.com/creativesoftwarefdn/weaviate/contextionary/combined.go:102.34,105.32 2 219
github.com/creativesoftwarefdn/weaviate/contextionary/combined.go:105.32,107.4 1 143
github.com/creativesoftwarefdn/weaviate/contextionary/combined.go:113.116,116.33 2 143
github.com/creativesoftwarefdn/weaviate/contextionary/combined.go:122.2,122.43 1 0
github.com/creativesoftwarefdn/weaviate/contextionary/combined.go:116.33,117.57 1 219
github.com/creativesoftwarefdn/weaviate/contextionary/combined.go:117.57,119.4 1 143
github.com/creativesoftwarefdn/weaviate/contextionary/combined.go:125.74,128.16 2 20
github.com/creativesoftwarefdn/weaviate/contextionary/combined.go:132.2,133.18 2 20
github.com/creativesoftwarefdn/weaviate/contextionary/combined.go:128.16,130.3 1 0
github.com/creativesoftwarefdn/weaviate/contextionary/combined.go:136.81,139.16 2 123
github.com/creativesoftwarefdn/weaviate/contextionary/combined.go:143.2,144.18 2 123
github.com/creativesoftwarefdn/weaviate/contextionary/combined.go:139.16,141.3 1 0
github.com/creativesoftwarefdn/weaviate/contextionary/combined.go:148.81,150.16 2 50
github.com/creativesoftwarefdn/weaviate/contextionary/combined.go:154.2,155.16 2 50
github.com/creativesoftwarefdn/weaviate/contextionary/combined.go:159.2,160.16 2 50
github.com/creativesoftwarefdn/weaviate/contextionary/combined.go:164.2,164.18 1 50
github.com/creativesoftwarefdn/weaviate/contextionary/combined.go:150.16,152.3 1 0
github.com/creativesoftwarefdn/weaviate/contextionary/combined.go:155.16,157.3 1 0
github.com/creativesoftwarefdn/weaviate/contextionary/combined.go:160.16,162.3 1 0
github.com/creativesoftwarefdn/weaviate/contextionary/combined.go:169.101,171.16 2 7
github.com/creativesoftwarefdn/weaviate/contextionary/combined.go:175.2,175.38 1 7
github.com/creativesoftwarefdn/weaviate/contextionary/combined.go:171.16,173.3 1 0
github.com/creativesoftwarefdn/weaviate/contextionary/combined.go:188.52,188.75 1 9
github.com/creativesoftwarefdn/weaviate/contextionary/combined.go:189.52,189.103 1 18
github.com/creativesoftwarefdn/weaviate/contextionary/combined.go:190.57,192.40 1 39
github.com/creativesoftwarefdn/weaviate/contextionary/combined.go:192.40,194.17 2 5
github.com/creativesoftwarefdn/weaviate/contextionary/combined.go:198.3,199.17 2 5
github.com/creativesoftwarefdn/weaviate/contextionary/combined.go:202.3,202.17 1 5
github.com/creativesoftwarefdn/weaviate/contextionary/combined.go:194.17,195.28 1 0
github.com/creativesoftwarefdn/weaviate/contextionary/combined.go:199.17,200.28 1 0
github.com/creativesoftwarefdn/weaviate/contextionary/combined.go:203.8,205.3 1 34
github.com/creativesoftwarefdn/weaviate/contextionary/combined.go:209.52,211.2 1 0
github.com/creativesoftwarefdn/weaviate/contextionary/combined.go:215.102,221.34 2 9
github.com/creativesoftwarefdn/weaviate/contextionary/combined.go:232.2,235.38 2 9
github.com/creativesoftwarefdn/weaviate/contextionary/combined.go:243.2,248.28 4 9
github.com/creativesoftwarefdn/weaviate/contextionary/combined.go:254.2,254.33 1 9
github.com/creativesoftwarefdn/weaviate/contextionary/combined.go:259.2,259.27 1 9
github.com/creativesoftwarefdn/weaviate/contextionary/combined.go:221.34,223.17 2 21
github.com/creativesoftwarefdn/weaviate/contextionary/combined.go:223.17,225.4 1 0
github.com/creativesoftwarefdn/weaviate/contextionary/combined.go:225.9,226.37 1 21
github.com/creativesoftwarefdn/weaviate/contextionary/combined.go:226.37,228.5 1 35
github.com/creativesoftwarefdn/weaviate/contextionary/combined.go:235.38,236.55 1 26
github.com/creativesoftwarefdn/weaviate/contextionary/combined.go:236.55,238.4 1 0
github.com/creativesoftwarefdn/weaviate/contextionary/combined.go:238.9,240.4 1 26
github.com/creativesoftwarefdn/weaviate/contextionary/combined.go:248.28,250.3 1 6
github.com/creativesoftwarefdn/weaviate/contextionary/combined.go:250.8,252.3 1 3
github.com/creativesoftwarefdn/weaviate/contextionary/combined.go:254.33,257.3 2 23
github.com/creativesoftwarefdn/weaviate/contextionary/contextionary.go:22.38,24.2 1 258
github.com/creativesoftwarefdn/weaviate/contextionary/memory_index.go:28.47,30.2 1 15
github.com/creativesoftwarefdn/weaviate/contextionary/memory_index.go:33.46,35.2 1 18
github.com/creativesoftwarefdn/weaviate/contextionary/memory_index.go:39.63,40.31 1 296
github.com/creativesoftwarefdn/weaviate/contextionary/memory_index.go:46.2,46.11 1 86
github.com/creativesoftwarefdn/weaviate/contextionary/memory_index.go:40.31,41.16 1 643
github.com/creativesoftwarefdn/weaviate/contextionary/memory_index.go:41.16,43.4 1 210
github.com/creativesoftwarefdn/weaviate/contextionary/memory_index.go:50.72,51.45 1 35
github.com/creativesoftwarefdn/weaviate/contextionary/memory_index.go:51.45,53.3 1 35
github.com/creativesoftwarefdn/weaviate/contextionary/memory_index.go:53.8,55.3 1 0
github.com/creativesoftwarefdn/weaviate/contextionary/memory_index.go:59.79,60.45 1 131
github.com/creativesoftwarefdn/weaviate/contextionary/memory_index.go:60.45,65.3 3 131
github.com/creativesoftwarefdn/weaviate/contextionary/memory_index.go:65.8,67.3 1 0
github.com/creativesoftwarefdn/weaviate/contextionary/memory_index.go:71.78,72.76 1 25
github.com/creativesoftwarefdn/weaviate/contextionary/memory_index.go:72.76,74.3 1 25
github.com/creativesoftwarefdn/weaviate/contextionary/memory_index.go:74.8,76.3 1 0
github.com/creativesoftwarefdn/weaviate/contextionary/memory_index.go:81.99,82.45 1 2
github.com/creativesoftwarefdn/weaviate/contextionary/memory_index.go:82.45,89.27 5 2
github.com/creativesoftwarefdn/weaviate/contextionary/memory_index.go:93.3,93.33 1 2
github.com/creativesoftwarefdn/weaviate/contextionary/memory_index.go:89.27,91.4 1 4
github.com/creativesoftwarefdn/weaviate/contextionary/memory_index.go:94.8,96.3 1 0
github.com/creativesoftwarefdn/weaviate/contextionary/memory_index.go:101.100,102.41 1 22
github.com/creativesoftwarefdn/weaviate/contextionary/memory_index.go:102.41,109.27 5 22
github.com/creativesoftwarefdn/weaviate/contextionary/memory_index.go:113.3,113.33 1 22
github.com/creativesoftwarefdn/weaviate/contextionary/memory_index.go:109.27,111.4 1 38
github.com/creativesoftwarefdn/weaviate/contextionary/memory_index.go:114.8,116.3 1 0
github.com/creativesoftwarefdn/weaviate/contextionary/memory_index.go:135.40,135.57 1 6
github.com/creativesoftwarefdn/weaviate/contextionary/memory_index.go:136.40,136.67 1 7
github.com/creativesoftwarefdn/weaviate/contextionary/memory_index.go:137.40,137.72 1 13
github.com/creativesoftwarefdn/weaviate/contextionary/memory_index.go:140.58,147.2 2 6
github.com/creativesoftwarefdn/weaviate/contextionary/memory_index.go:150.68,153.2 2 13
github.com/creativesoftwarefdn/weaviate/contextionary/memory_index.go:156.62,167.40 3 6
github.com/creativesoftwarefdn/weaviate/contextionary/memory_index.go:173.2,175.12 2 6
github.com/creativesoftwarefdn/weaviate/contextionary/memory_index.go:167.40,170.3 2 13
github.com/creativesoftwarefdn/weaviate/contextionary/mmapped.go:25.47,27.2 1 2
github.com/creativesoftwarefdn/weaviate/contextionary/mmapped.go:30.46,32.2 1 1
github.com/creativesoftwarefdn/weaviate/contextionary/mmapped.go:34.63,36.2 1 67
github.com/creativesoftwarefdn/weaviate/contextionary/mmapped.go:38.72,39.58 1 5
github.com/creativesoftwarefdn/weaviate/contextionary/mmapped.go:39.58,41.3 1 5
github.com/creativesoftwarefdn/weaviate/contextionary/mmapped.go:41.8,43.3 1 0
github.com/creativesoftwarefdn/weaviate/contextionary/mmapped.go:46.79,47.58 1 8
github.com/creativesoftwarefdn/weaviate/contextionary/mmapped.go:47.58,52.3 3 8
github.com/creativesoftwarefdn/weaviate/contextionary/mmapped.go:52.8,54.3 1 0
github.com/creativesoftwarefdn/weaviate/contextionary/mmapped.go:58.79,59.102 1 25
github.com/creativesoftwarefdn/weaviate/contextionary/mmapped.go:59.102,61.3 1 25
github.com/creativesoftwarefdn/weaviate/contextionary/mmapped.go:61.8,63.3 1 0
github.com/creativesoftwarefdn/weaviate/contextionary/mmapped.go:66.99,67.58 1 2
github.com/creativesoftwarefdn/weaviate/contextionary/mmapped.go:67.58,74.27 5 2
github.com/creativesoftwarefdn/weaviate/contextionary/mmapped.go:78.3,78.33 1 2
github.com/creativesoftwarefdn/weaviate/contextionary/mmapped.go:74.27,76.4 1 4
github.com/creativesoftwarefdn/weaviate/contextionary/mmapped.go:79.8,81.3 1 0
github.com/creativesoftwarefdn/weaviate/contextionary/mmapped.go:84.100,85.47 1 1
github.com/creativesoftwarefdn/weaviate/contextionary/mmapped.go:85.47,92.27 5 1
github.com/creativesoftwarefdn/weaviate/contextionary/mmapped.go:96.3,96.33 1 1
github.com/creativesoftwarefdn/weaviate/contextionary/mmapped.go:92.27,94.4 1 3
github.com/creativesoftwarefdn/weaviate/contextionary/mmapped.go:97.8,99.3 1 0
github.com/creativesoftwarefdn/weaviate/contextionary/mmapped.go:102.97,105.16 2 1
github.com/creativesoftwarefdn/weaviate/contextionary/mmapped.go:109.2,117.17 4 1
github.com/creativesoftwarefdn/weaviate/contextionary/mmapped.go:105.16,107.3 1 0
github.com/creativesoftwarefdn/weaviate/contextionary/vector.go:24.41,26.2 1 248
github.com/creativesoftwarefdn/weaviate/contextionary/vector.go:28.53,29.40 1 22
github.com/creativesoftwarefdn/weaviate/contextionary/vector.go:33.2,33.29 1 22
github.com/creativesoftwarefdn/weaviate/contextionary/vector.go:39.2,39.18 1 22
github.com/creativesoftwarefdn/weaviate/contextionary/vector.go:29.40,31.3 1 0
github.com/creativesoftwarefdn/weaviate/contextionary/vector.go:33.29,34.27 1 66
github.com/creativesoftwarefdn/weaviate/contextionary/vector.go:34.27,36.4 1 0
github.com/creativesoftwarefdn/weaviate/contextionary/vector.go:42.77,43.40 1 3
github.com/creativesoftwarefdn/weaviate/contextionary/vector.go:47.2,47.29 1 3
github.com/creativesoftwarefdn/weaviate/contextionary/vector.go:55.2,55.18 1 3
github.com/creativesoftwarefdn/weaviate/contextionary/vector.go:43.40,45.3 1 0
github.com/creativesoftwarefdn/weaviate/contextionary/vector.go:47.29,50.57 3 9
github.com/creativesoftwarefdn/weaviate/contextionary/vector.go:50.57,52.4 1 0
github.com/creativesoftwarefdn/weaviate/contextionary/vector.go:58.28,60.2 1 16
github.com/creativesoftwarefdn/weaviate/contextionary/vector.go:62.36,65.29 3 0
github.com/creativesoftwarefdn/weaviate/contextionary/vector.go:75.2,77.12 2 0
github.com/creativesoftwarefdn/weaviate/contextionary/vector.go:65.29,66.12 1 0
github.com/creativesoftwarefdn/weaviate/contextionary/vector.go:72.3,72.32 1 0
github.com/creativesoftwarefdn/weaviate/contextionary/vector.go:66.12,68.4 1 0
github.com/creativesoftwarefdn/weaviate/contextionary/vector.go:68.9,70.4 1 0
github.com/creativesoftwarefdn/weaviate/contextionary/vector.go:80.38,84.29 2 0
github.com/creativesoftwarefdn/weaviate/contextionary/vector.go:88.2,88.17 1 0
github.com/creativesoftwarefdn/weaviate/contextionary/vector.go:84.29,86.3 1 0
github.com/creativesoftwarefdn/weaviate/contextionary/vector.go:91.59,94.40 2 162
github.com/creativesoftwarefdn/weaviate/contextionary/vector.go:98.2,98.37 1 162
github.com/creativesoftwarefdn/weaviate/contextionary/vector.go:103.2,103.46 1 162
github.com/creativesoftwarefdn/weaviate/contextionary/vector.go:94.40,96.3 1 0
github.com/creativesoftwarefdn/weaviate/contextionary/vector.go:98.37,101.3 2 486
github.com/creativesoftwarefdn/weaviate/contextionary/wordlist.go:36.51,38.16 2 1
github.com/creativesoftwarefdn/weaviate/contextionary/wordlist.go:42.2,43.16 2 1
github.com/creativesoftwarefdn/weaviate/contextionary/wordlist.go:47.2,48.16 2 1
github.com/creativesoftwarefdn/weaviate/contextionary/wordlist.go:52.2,76.8 13 1
github.com/creativesoftwarefdn/weaviate/contextionary/wordlist.go:38.16,40.3 1 0
github.com/creativesoftwarefdn/weaviate/contextionary/wordlist.go:43.16,45.3 1 0
github.com/creativesoftwarefdn/weaviate/contextionary/wordlist.go:48.16,50.3 1 0
github.com/creativesoftwarefdn/weaviate/contextionary/wordlist.go:79.49,81.2 1 65
github.com/creativesoftwarefdn/weaviate/contextionary/wordlist.go:83.62,92.18 6 67
github.com/creativesoftwarefdn/weaviate/contextionary/wordlist.go:107.2,107.11 1 0
github.com/creativesoftwarefdn/weaviate/contextionary/wordlist.go:92.18,98.15 4 148
github.com/creativesoftwarefdn/weaviate/contextionary/wordlist.go:98.15,100.4 1 67
github.com/creativesoftwarefdn/weaviate/contextionary/wordlist.go:100.9,100.21 1 81
github.com/creativesoftwarefdn/weaviate/contextionary/wordlist.go:100.21,102.4 1 41
github.com/creativesoftwarefdn/weaviate/contextionary/wordlist.go:102.9,104.4 1 40
github.com/creativesoftwarefdn/weaviate/contextionary/wordlist.go:110.55,115.2 4 153
github.com/creativesoftwarefdn/weaviate/contextionary/wordlist.go:117.52,119.32 2 5
github.com/creativesoftwarefdn/weaviate/contextionary/wordlist.go:125.2,125.11 1 0
github.com/creativesoftwarefdn/weaviate/contextionary/wordlist.go:119.32,120.23 1 33
github.com/creativesoftwarefdn/weaviate/contextionary/wordlist.go:120.23,122.4 1 5
github.com/creativesoftwarefdn/weaviate/database/connectors/janusgraph/aggregate/query_builder_reference_prop.go:22.81,24.46 2 1
github.com/creativesoftwarefdn/weaviate/database/connectors/janusgraph/aggregate/query_builder_reference_prop.go:38.2,38.50 1 1
github.com/creativesoftwarefdn/weaviate/database/connectors/janusgraph/aggregate/query_builder_reference_prop.go:24.46,27.17 2 1
github.com/creativesoftwarefdn/weaviate/database/connectors/janusgraph/aggregate/query_builder_reference_prop.go:31.3,31.27 1 1
github.com/creativesoftwarefdn/weaviate/database/connectors/janusgraph/aggregate/query_builder_reference_prop.go:35.3,35.51 1 1
github.com/creativesoftwarefdn/weaviate/database/connectors/janusgraph/aggregate/query_builder_reference_prop.go:27.17,29.4 1 0
github.com/creativesoftwarefdn/weaviate/database/connectors/janusgraph/aggregate/query_builder_reference_prop.go:31.27,32.12 1 0
github.com/creativesoftwarefdn/weaviate/database/connectors/janusgraph/aggregate/query_builder_reference_prop.go:41.92,42.20 1 1
github.com/creativesoftwarefdn/weaviate/database/connectors/janusgraph/aggregate/query_builder_reference_prop.go:43.23,44.90 1 1
github.com/creativesoftwarefdn/weaviate/database/connectors/janusgraph/aggregate/query_builder_reference_prop.go:45.10,46.91 1 0
github.com/creativesoftwarefdn/weaviate/database/connectors/janusgraph/aggregate/query_builder_reference_prop.go:51.57,57.39 4 1
github.com/creativesoftwarefdn/weaviate/database/connectors/janusgraph/aggregate/query_builder_reference_prop.go:76.2,79.8 1 1
github.com/creativesoftwarefdn/weaviate/database/connectors/janusgraph/aggregate/query_builder_reference_prop.go:57.39,60.35 3 1
github.com/creativesoftwarefdn/weaviate/database/connectors/janusgraph/aggregate/query_builder_reference_prop.go:64.3,73.45 3 1
github.com/creativesoftwarefdn/weaviate/database/connectors/janusgraph/aggregate/query_builder_reference_prop.go:60.35,62.4 1 1
github.com/creativesoftwarefdn/weaviate/database/connectors/janusgraph/aggregate/query_processor.go:53.94,55.2 1 7
github.com/creativesoftwarefdn/weaviate/database/connectors/janusgraph/aggregate/query_processor.go:61.49,64.16 2 7
github.com/creativesoftwarefdn/weaviate/database/connectors/janusgraph/aggregate/query_processor.go:68.2,69.16 2 3
github.com/creativesoftwarefdn/weaviate/database/connectors/janusgraph/aggregate/query_processor.go:74.2,74.20 1 3
github.com/creativesoftwarefdn/weaviate/database/connectors/janusgraph/aggregate/query_processor.go:64.16,66.3 1 4
github.com/creativesoftwarefdn/weaviate/database/connectors/janusgraph/aggregate/query_processor.go:69.16,72.3 1 0
github.com/creativesoftwarefdn/weaviate/database/connectors/janusgraph/aggregate/query_processor.go:77.102,78.50 1 7
github.com/creativesoftwarefdn/weaviate/database/connectors/janusgraph/aggregate/query_processor.go:87.2,87.54 1 5
github.com/creativesoftwarefdn/weaviate/database/connectors/janusgraph/aggregate/query_processor.go:78.50,80.17 2 2
github.com/creativesoftwarefdn/weaviate/database/connectors/janusgraph/aggregate/query_processor.go:84.3,84.36 1 2
github.com/creativesoftwarefdn/weaviate/database/connectors/janusgraph/aggregate/query_processor.go:80.17,82.4 1 0
github.com/creativesoftwarefdn/weaviate/database/connectors/janusgraph/aggregate/query_processor.go:90.108,91.21 1 3
github.com/creativesoftwarefdn/weaviate/database/connectors/janusgraph/aggregate/query_processor.go:95.2,96.9 2 3
github.com/creativesoftwarefdn/weaviate/database/connectors/janusgraph/aggregate/query_processor.go:100.2,113.54 2 3
github.com/creativesoftwarefdn/weaviate/database/connectors/janusgraph/aggregate/query_processor.go:133.2,133.20 1 3
github.com/creativesoftwarefdn/weaviate/database/connectors/janusgraph/aggregate/query_processor.go:91.21,93.3 1 0
github.com/creativesoftwarefdn/weaviate/database/connectors/janusgraph/aggregate/query_processor.go:96.9,98.3 1 0
github.com/creativesoftwarefdn/weaviate/database/connectors/janusgraph/aggregate/query_processor.go:113.54,115.10 2 4
github.com/creativesoftwarefdn/weaviate/database/connectors/janusgraph/aggregate/query_processor.go:119.3,120.10 2 4
github.com/creativesoftwarefdn/weaviate/database/connectors/janusgraph/aggregate/query_processor.go:124.3,131.34 3 4
github.com/creativesoftwarefdn/weaviate/database/connectors/janusgraph/aggregate/query_processor.go:115.10,117.4 1 0
github.com/creativesoftwarefdn/weaviate/database/connectors/janusgraph/aggregate/query_processor.go:120.10,122.4 1 0
github.com/creativesoftwarefdn/weaviate/database/connectors/janusgraph/aggregate/query_processor.go:136.92,137.43 1 4
github.com/creativesoftwarefdn/weaviate/database/connectors/janusgraph/aggregate/query_processor.go:157.2,157.19 1 4
github.com/creativesoftwarefdn/weaviate/database/connectors/janusgraph/aggregate/query_processor.go:137.43,139.10 2 4
github.com/creativesoftwarefdn/weaviate/database/connectors/janusgraph/aggregate/query_processor.go:144.3,145.49 2 4
github.com/creativesoftwarefdn/weaviate/database/connectors/janusgraph/aggregate/query_processor.go:154.3,154.38 1 4
github.com/creativesoftwarefdn/weaviate/database/connectors/janusgraph/aggregate/query_processor.go:139.10,142.4 1 0
github.com/creativesoftwarefdn/weaviate/database/connectors/janusgraph/aggregate/query_processor.go:145.49,147.18 2 4
github.com/creativesoftwarefdn/weaviate/database/connectors/janusgraph/aggregate/query_processor.go:151.4,151.46 1 4
github.com/creativesoftwarefdn/weaviate/database/connectors/janusgraph/aggregate/query_processor.go:147.18,149.5 1 0
github.com/creativesoftwarefdn/weaviate/database/connectors/janusgraph/aggregate/query_processor.go:160.59,162.21 2 4
github.com/creativesoftwarefdn/weaviate/database/connectors/janusgraph/aggregate/query_processor.go:167.2,167.22 1 4
github.com/creativesoftwarefdn/weaviate/database/connectors/janusgraph/aggregate/query_processor.go:162.21,165.3 1 0
github.com/creativesoftwarefdn/weaviate/database/connectors/janusgraph/aggregate/query_processor.go:171.70,172.23 1 4
github.com/creativesoftwarefdn/weaviate/database/connectors/janusgraph/aggregate/query_processor.go:176.2,176.11 1 4
github.com/creativesoftwarefdn/weaviate/database/connectors/janusgraph/aggregate/query_processor.go:172.23,174.3 1 4
github.com/creativesoftwarefdn/weaviate/database/connectors/janusgraph/aggregate/query_processor.go:179.38,181.2 1 8
github.com/creativesoftwarefdn/weaviate/database/connectors/janusgraph/aggregate/query_processor.go:183.55,185.31 2 2
github.com/creativesoftwarefdn/weaviate/database/connectors/janusgraph/aggregate/query_processor.go:189.2,189.12 1 2
github.com/creativesoftwarefdn/weaviate/database/connectors/janusgraph/aggregate/query_processor.go:185.31,187.3 1 2
github.com/creativesoftwarefdn/weaviate/database/connectors/janusgraph/aggregate/query_processor_analytics_engine.go:23.121,29.39 4 5
github.com/creativesoftwarefdn/weaviate/database/connectors/janusgraph/aggregate/query_processor_analytics_engine.go:35.2,36.16 2 4
github.com/creativesoftwarefdn/weaviate/database/connectors/janusgraph/aggregate/query_processor_analytics_engine.go:40.2,40.31 1 4
github.com/creativesoftwarefdn/weaviate/database/connectors/janusgraph/aggregate/query_processor_analytics_engine.go:44.2,44.51 1 1
github.com/creativesoftwarefdn/weaviate/database/connectors/janusgraph/aggregate/query_processor_analytics_engine.go:29.39,33.3 1 1
github.com/creativesoftwarefdn/weaviate/database/connectors/janusgraph/aggregate/query_processor_analytics_engine.go:36.16,38.3 1 0
github.com/creativesoftwarefdn/weaviate/database/connectors/janusgraph/aggregate/query_processor_analytics_engine.go:40.31,42.3 1 3
github.com/creativesoftwarefdn/weaviate/database/connectors/janusgraph/aggregate/query_processor_analytics_engine.go:47.78,49.16 2 3
github.com/creativesoftwarefdn/weaviate/database/connectors/janusgraph/aggregate/query_processor_analytics_engine.go:53.2,53.23 1 3
github.com/creativesoftwarefdn/weaviate/database/connectors/janusgraph/aggregate/query_processor_analytics_engine.go:49.16,51.3 1 0
github.com/creativesoftwarefdn/weaviate/database/connectors/janusgraph/aggregate/query_processor_analytics_engine.go:54.33,55.44 1 1
github.com/creativesoftwarefdn/weaviate/database/connectors/janusgraph/aggregate/query_processor_analytics_engine.go:57.34,59.75 1 1
github.com/creativesoftwarefdn/weaviate/database/connectors/janusgraph/aggregate/query_processor_analytics_engine.go:61.30,64.66 1 1
github.com/creativesoftwarefdn/weaviate/database/connectors/janusgraph/aggregate/query_processor_analytics_engine.go:66.10,67.63 1 0
github.com/creativesoftwarefdn/weaviate/database/connectors/janusgraph/aggregate/query_processor_analytics_engine.go:71.123,73.16 2 2
github.com/creativesoftwarefdn/weaviate/database/connectors/janusgraph/aggregate/query_processor_analytics_engine.go:83.2,87.8 1 2
github.com/creativesoftwarefdn/weaviate/database/connectors/janusgraph/aggregate/query_processor_analytics_engine.go:73.16,75.3 1 0
github.com/creativesoftwarefdn/weaviate/database/connectors/janusgraph/aggregate/query_builder.go:35.36,42.2 1 10
github.com/creativesoftwarefdn/weaviate/database/connectors/janusgraph/aggregate/query_builder.go:59.42,63.16 3 10
github.com/creativesoftwarefdn/weaviate/database/connectors/janusgraph/aggregate/query_builder.go:67.2,73.16 4 10
github.com/creativesoftwarefdn/weaviate/database/connectors/janusgraph/aggregate/query_builder.go:77.2,79.38 2 10
github.com/creativesoftwarefdn/weaviate/database/connectors/janusgraph/aggregate/query_builder.go:63.16,65.3 1 0
github.com/creativesoftwarefdn/weaviate/database/connectors/janusgraph/aggregate/query_builder.go:73.16,75.3 1 0
github.com/creativesoftwarefdn/weaviate/database/connectors/janusgraph/aggregate/query_builder.go:82.65,87.29 5 10
github.com/creativesoftwarefdn/weaviate/database/connectors/janusgraph/aggregate/query_builder.go:105.2,105.25 1 10
github.com/creativesoftwarefdn/weaviate/database/connectors/janusgraph/aggregate/query_builder.go:114.2,117.8 1 10
github.com/creativesoftwarefdn/weaviate/database/connectors/janusgraph/aggregate/query_builder.go:87.29,89.17 2 14
github.com/creativesoftwarefdn/weaviate/database/connectors/janusgraph/aggregate/query_builder.go:93.3,93.29 1 14
github.com/creativesoftwarefdn/weaviate/database/connectors/janusgraph/aggregate/query_builder.go:89.17,91.4 1 0
github.com/creativesoftwarefdn/weaviate/database/connectors/janusgraph/aggregate/query_builder.go:93.29,102.4 3 14
github.com/creativesoftwarefdn/weaviate/database/connectors/janusgraph/aggregate/query_builder.go:105.25,109.3 1 6
github.com/creativesoftwarefdn/weaviate/database/connectors/janusgraph/aggregate/query_builder.go:109.8,112.3 1 4
github.com/creativesoftwarefdn/weaviate/database/connectors/janusgraph/aggregate/query_builder.go:120.53,122.35 2 10
github.com/creativesoftwarefdn/weaviate/database/connectors/janusgraph/aggregate/query_builder.go:126.2,126.40 1 10
github.com/creativesoftwarefdn/weaviate/database/connectors/janusgraph/aggregate/query_builder.go:122.35,124.3 1 0
github.com/creativesoftwarefdn/weaviate/database/connectors/janusgraph/aggregate/query_builder.go:151.77,153.16 2 14
github.com/creativesoftwarefdn/weaviate/database/connectors/janusgraph/aggregate/query_builder.go:157.2,158.16 2 14
github.com/creativesoftwarefdn/weaviate/database/connectors/janusgraph/aggregate/query_builder.go:162.2,162.29 1 14
github.com/creativesoftwarefdn/weaviate/database/connectors/janusgraph/aggregate/query_builder.go:166.2,166.32 1 13
github.com/creativesoftwarefdn/weaviate/database/connectors/janusgraph/aggregate/query_builder.go:153.16,155.3 1 0
github.com/creativesoftwarefdn/weaviate/database/connectors/janusgraph/aggregate/query_builder.go:158.16,160.3 1 0
github.com/creativesoftwarefdn/weaviate/database/connectors/janusgraph/aggregate/query_builder.go:162.29,164.3 1 1
github.com/creativesoftwarefdn/weaviate/database/connectors/janusgraph/aggregate/query_builder.go:167.74,168.34 1 7
github.com/creativesoftwarefdn/weaviate/database/connectors/janusgraph/aggregate/query_builder.go:169.49,170.31 1 6
github.com/creativesoftwarefdn/weaviate/database/connectors/janusgraph/aggregate/query_builder.go:171.10,172.97 1 0
github.com/creativesoftwarefdn/weaviate/database/connectors/janusgraph/aggregate/query_builder.go:177.39,178.25 1 32
github.com/creativesoftwarefdn/weaviate/database/connectors/janusgraph/aggregate/query_builder.go:182.2,182.76 1 12
github.com/creativesoftwarefdn/weaviate/database/connectors/janusgraph/aggregate/query_builder.go:178.25,180.3 1 20
github.com/creativesoftwarefdn/weaviate/database/connectors/janusgraph/aggregate/query_builder.go:185.68,186.25 1 3
github.com/creativesoftwarefdn/weaviate/database/connectors/janusgraph/aggregate/query_builder.go:190.2,190.63 1 3
github.com/creativesoftwarefdn/weaviate/database/connectors/janusgraph/aggregate/query_builder.go:186.25,188.3 1 0
github.com/creativesoftwarefdn/weaviate/database/connectors/janusgraph/aggregate/query_builder.go:193.64,196.2 2 15
github.com/creativesoftwarefdn/weaviate/database/connectors/janusgraph/aggregate/query_builder_group_by.go:22.47,23.35 1 10
github.com/creativesoftwarefdn/weaviate/database/connectors/janusgraph/aggregate/query_builder_group_by.go:27.2,27.37 1 2
github.com/creativesoftwarefdn/weaviate/database/connectors/janusgraph/aggregate/query_builder_group_by.go:23.35,25.3 1 8
github.com/creativesoftwarefdn/weaviate/database/connectors/janusgraph/aggregate/query_builder_group_by.go:30.59,34.2 1 8
github.com/creativesoftwarefdn/weaviate/database/connectors/janusgraph/aggregate/query_builder_group_by.go:36.59,42.2 2 2
github.com/creativesoftwarefdn/weaviate/database/connectors/janusgraph/aggregate/query_builder_group_by.go:44.73,51.29 5 3
github.com/creativesoftwarefdn/weaviate/database/connectors/janusgraph/aggregate/query_builder_group_by.go:58.2,60.58 2 1
github.com/creativesoftwarefdn/weaviate/database/connectors/janusgraph/aggregate/query_builder_group_by.go:51.29,55.3 1 2
github.com/creativesoftwarefdn/weaviate/database/connectors/janusgraph/aggregate/query_builder_non_numerical.go:21.89,23.46 2 7
github.com/creativesoftwarefdn/weaviate/database/connectors/janusgraph/aggregate/query_builder_non_numerical.go:37.2,37.46 1 7
github.com/creativesoftwarefdn/weaviate/database/connectors/janusgraph/aggregate/query_builder_non_numerical.go:23.46,26.17 2 7
github.com/creativesoftwarefdn/weaviate/database/connectors/janusgraph/aggregate/query_builder_non_numerical.go:30.3,30.27 1 7
github.com/creativesoftwarefdn/weaviate/database/connectors/janusgraph/aggregate/query_builder_non_numerical.go:34.3,34.51 1 7
github.com/creativesoftwarefdn/weaviate/database/connectors/janusgraph/aggregate/query_builder_non_numerical.go:26.17,28.4 1 0
github.com/creativesoftwarefdn/weaviate/database/connectors/janusgraph/aggregate/query_builder_non_numerical.go:30.27,31.12 1 0
github.com/creativesoftwarefdn/weaviate/database/connectors/janusgraph/aggregate/query_builder_non_numerical.go:40.100,41.20 1 7
github.com/creativesoftwarefdn/weaviate/database/connectors/janusgraph/aggregate/query_builder_non_numerical.go:42.23,43.90 1 7
github.com/creativesoftwarefdn/weaviate/database/connectors/janusgraph/aggregate/query_builder_non_numerical.go:44.10,45.91 1 0
github.com/creativesoftwarefdn/weaviate/database/connectors/janusgraph/aggregate/query_builder_numerical.go:27.86,29.46 2 6
github.com/creativesoftwarefdn/weaviate/database/connectors/janusgraph/aggregate/query_builder_numerical.go:43.2,43.46 1 6
github.com/creativesoftwarefdn/weaviate/database/connectors/janusgraph/aggregate/query_builder_numerical.go:29.46,32.17 2 11
github.com/creativesoftwarefdn/weaviate/database/connectors/janusgraph/aggregate/query_builder_numerical.go:36.3,36.27 1 11
github.com/creativesoftwarefdn/weaviate/database/connectors/janusgraph/aggregate/query_builder_numerical.go:40.3,40.51 1 11
github.com/creativesoftwarefdn/weaviate/database/connectors/janusgraph/aggregate/query_builder_numerical.go:32.17,34.4 1 0
github.com/creativesoftwarefdn/weaviate/database/connectors/janusgraph/aggregate/query_builder_numerical.go:36.27,37.12 1 0
github.com/creativesoftwarefdn/weaviate/database/connectors/janusgraph/aggregate/query_builder_numerical.go:46.97,47.20 1 11
github.com/creativesoftwarefdn/weaviate/database/connectors/janusgraph/aggregate/query_builder_numerical.go:48.23,49.90 1 6
github.com/creativesoftwarefdn/weaviate/database/connectors/janusgraph/aggregate/query_builder_numerical.go:50.22,51.89 1 1
github.com/creativesoftwarefdn/weaviate/database/connectors/janusgraph/aggregate/query_builder_numerical.go:52.22,56.9 1 1
github.com/creativesoftwarefdn/weaviate/database/connectors/janusgraph/aggregate/query_builder_numerical.go:57.21,58.88 1 1
github.com/creativesoftwarefdn/weaviate/database/connectors/janusgraph/aggregate/query_builder_numerical.go:59.25,60.88 1 1
github.com/creativesoftwarefdn/weaviate/database/connectors/janusgraph/aggregate/query_builder_numerical.go:61.25,62.88 1 1
github.com/creativesoftwarefdn/weaviate/database/connectors/janusgraph/aggregate/query_builder_numerical.go:63.10,64.81 1 0
github.com/creativesoftwarefdn/weaviate/database/connectors/janusgraph/aggregate/query_builder_numerical.go:69.57,75.39 4 13
github.com/creativesoftwarefdn/weaviate/database/connectors/janusgraph/aggregate/query_builder_numerical.go:94.2,97.8 1 13
github.com/creativesoftwarefdn/weaviate/database/connectors/janusgraph/aggregate/query_builder_numerical.go:75.39,78.35 3 18
github.com/creativesoftwarefdn/weaviate/database/connectors/janusgraph/aggregate/query_builder_numerical.go:82.3,91.45 3 18
github.com/creativesoftwarefdn/weaviate/database/connectors/janusgraph/aggregate/query_builder_numerical.go:78.35,80.4 1 12
github.com/creativesoftwarefdn/weaviate/database/connectors/janusgraph/fetch/conditions.go:23.83,24.26 1 27
github.com/creativesoftwarefdn/weaviate/database/connectors/janusgraph/fetch/conditions.go:39.2,39.73 1 0
github.com/creativesoftwarefdn/weaviate/database/connectors/janusgraph/fetch/conditions.go:25.29,26.34 1 6
github.com/creativesoftwarefdn/weaviate/database/connectors/janusgraph/fetch/conditions.go:27.27,28.77 1 0
github.com/creativesoftwarefdn/weaviate/database/connectors/janusgraph/fetch/conditions.go:29.30,30.32 1 2
github.com/creativesoftwarefdn/weaviate/database/connectors/janusgraph/fetch/conditions.go:31.26,32.31 1 7
github.com/creativesoftwarefdn/weaviate/database/connectors/janusgraph/fetch/conditions.go:33.29,34.34 1 6
github.com/creativesoftwarefdn/weaviate/database/connectors/janusgraph/fetch/conditions.go:35.27,36.32 1 6
github.com/creativesoftwarefdn/weaviate/database/connectors/janusgraph/fetch/conditions.go:42.84,43.24 1 6
github.com/creativesoftwarefdn/weaviate/database/connectors/janusgraph/fetch/conditions.go:50.2,50.80 1 0
github.com/creativesoftwarefdn/weaviate/database/connectors/janusgraph/fetch/conditions.go:44.36,45.59 1 5
github.com/creativesoftwarefdn/weaviate/database/connectors/janusgraph/fetch/conditions.go:46.39,47.60 1 1
github.com/creativesoftwarefdn/weaviate/database/connectors/janusgraph/fetch/conditions.go:53.82,54.24 1 2
github.com/creativesoftwarefdn/weaviate/database/connectors/janusgraph/fetch/conditions.go:61.2,61.81 1 0
github.com/creativesoftwarefdn/weaviate/database/connectors/janusgraph/fetch/conditions.go:55.36,56.55 1 1
github.com/creativesoftwarefdn/weaviate/database/connectors/janusgraph/fetch/conditions.go:57.39,58.56 1 1
github.com/creativesoftwarefdn/weaviate/database/connectors/janusgraph/fetch/conditions.go:64.81,65.24 1 7
github.com/creativesoftwarefdn/weaviate/database/connectors/janusgraph/fetch/conditions.go:80.2,80.77 1 0
github.com/creativesoftwarefdn/weaviate/database/connectors/janusgraph/fetch/conditions.go:66.36,67.53 1 2
github.com/creativesoftwarefdn/weaviate/database/connectors/janusgraph/fetch/conditions.go:68.39,69.54 1 1
github.com/creativesoftwarefdn/weaviate/database/connectors/janusgraph/fetch/conditions.go:70.39,71.53 1 1
github.com/creativesoftwarefdn/weaviate/database/connectors/janusgraph/fetch/conditions.go:72.42,73.53 1 1
github.com/creativesoftwarefdn/weaviate/database/connectors/janusgraph/fetch/conditions.go:74.44,75.54 1 1
github.com/creativesoftwarefdn/weaviate/database/connectors/janusgraph/fetch/conditions.go:76.47,77.54 1 1
github.com/creativesoftwarefdn/weaviate/database/connectors/janusgraph/fetch/conditions.go:83.84,84.24 1 6
github.com/creativesoftwarefdn/weaviate/database/connectors/janusgraph/fetch/conditions.go:99.2,99.80 1 0
github.com/creativesoftwarefdn/weaviate/database/connectors/janusgraph/fetch/conditions.go:85.36,86.59 1 1
github.com/creativesoftwarefdn/weaviate/database/connectors/janusgraph/fetch/conditions.go:87.39,88.60 1 1
github.com/creativesoftwarefdn/weaviate/database/connectors/janusgraph/fetch/conditions.go:89.39,90.59 1 1
github.com/creativesoftwarefdn/weaviate/database/connectors/janusgraph/fetch/conditions.go:91.42,92.59 1 1
github.com/creativesoftwarefdn/weaviate/database/connectors/janusgraph/fetch/conditions.go:93.44,94.60 1 1
github.com/creativesoftwarefdn/weaviate/database/connectors/janusgraph/fetch/conditions.go:95.47,96.60 1 1
github.com/creativesoftwarefdn/weaviate/database/connectors/janusgraph/fetch/conditions.go:102.82,103.24 1 6
github.com/creativesoftwarefdn/weaviate/database/connectors/janusgraph/fetch/conditions.go:118.2,118.78 1 0
github.com/creativesoftwarefdn/weaviate/database/connectors/janusgraph/fetch/conditions.go:104.36,105.60 1 1
github.com/creativesoftwarefdn/weaviate/database/connectors/janusgraph/fetch/conditions.go:106.39,107.61 1 1
github.com/creativesoftwarefdn/weaviate/database/connectors/janusgraph/fetch/conditions.go:108.39,109.60 1 1
github.com/creativesoftwarefdn/weaviate/database/connectors/janusgraph/fetch/conditions.go:110.42,111.60 1 1
github.com/creativesoftwarefdn/weaviate/database/connectors/janusgraph/fetch/conditions.go:112.44,113.61 1 1
github.com/creativesoftwarefdn/weaviate/database/connectors/janusgraph/fetch/conditions.go:114.47,115.61 1 1
github.com/creativesoftwarefdn/weaviate/database/connectors/janusgraph/fetch/query.go:35.68,41.2 1 27
github.com/creativesoftwarefdn/weaviate/database/connectors/janusgraph/fetch/query.go:57.42,59.16 2 27
github.com/creativesoftwarefdn/weaviate/database/connectors/janusgraph/fetch/query.go:63.2,63.26 1 27
github.com/creativesoftwarefdn/weaviate/database/connectors/janusgraph/fetch/query.go:69.2,75.24 2 26
github.com/creativesoftwarefdn/weaviate/database/connectors/janusgraph/fetch/query.go:59.16,61.3 1 0
github.com/creativesoftwarefdn/weaviate/database/connectors/janusgraph/fetch/query.go:63.26,67.3 1 1
github.com/creativesoftwarefdn/weaviate/database/connectors/janusgraph/fetch/query.go:78.56,81.43 2 27
github.com/creativesoftwarefdn/weaviate/database/connectors/janusgraph/fetch/query.go:94.2,94.23 1 27
github.com/creativesoftwarefdn/weaviate/database/connectors/janusgraph/fetch/query.go:98.2,98.21 1 26
github.com/creativesoftwarefdn/weaviate/database/connectors/janusgraph/fetch/query.go:81.43,83.17 2 27
github.com/creativesoftwarefdn/weaviate/database/connectors/janusgraph/fetch/query.go:87.3,87.15 1 27
github.com/creativesoftwarefdn/weaviate/database/connectors/janusgraph/fetch/query.go:91.3,91.31 1 26
github.com/creativesoftwarefdn/weaviate/database/connectors/janusgraph/fetch/query.go:83.17,85.4 1 0
github.com/creativesoftwarefdn/weaviate/database/connectors/janusgraph/fetch/query.go:87.15,88.12 1 1
github.com/creativesoftwarefdn/weaviate/database/connectors/janusgraph/fetch/query.go:94.23,96.3 1 1
github.com/creativesoftwarefdn/weaviate/database/connectors/janusgraph/fetch/query.go:101.71,104.64 2 27
github.com/creativesoftwarefdn/weaviate/database/connectors/janusgraph/fetch/query.go:113.2,113.34 1 27
github.com/creativesoftwarefdn/weaviate/database/connectors/janusgraph/fetch/query.go:117.2,120.15 2 26
github.com/creativesoftwarefdn/weaviate/database/connectors/janusgraph/fetch/query.go:104.64,106.25 2 28
github.com/creativesoftwarefdn/weaviate/database/connectors/janusgraph/fetch/query.go:110.3,110.63 1 27
github.com/creativesoftwarefdn/weaviate/database/connectors/janusgraph/fetch/query.go:106.25,107.12 1 1
github.com/creativesoftwarefdn/weaviate/database/connectors/janusgraph/fetch/query.go:113.34,115.3 1 1
github.com/creativesoftwarefdn/weaviate/database/connectors/janusgraph/fetch/query.go:124.44,127.37 2 28
github.com/creativesoftwarefdn/weaviate/database/connectors/janusgraph/fetch/query.go:136.2,136.28 1 28
github.com/creativesoftwarefdn/weaviate/database/connectors/janusgraph/fetch/query.go:140.2,140.60 1 27
github.com/creativesoftwarefdn/weaviate/database/connectors/janusgraph/fetch/query.go:127.37,129.25 2 31
github.com/creativesoftwarefdn/weaviate/database/connectors/janusgraph/fetch/query.go:133.3,133.60 1 27
github.com/creativesoftwarefdn/weaviate/database/connectors/janusgraph/fetch/query.go:129.25,130.12 1 4
github.com/creativesoftwarefdn/weaviate/database/connectors/janusgraph/fetch/query.go:136.28,138.3 1 1
github.com/creativesoftwarefdn/weaviate/database/connectors/janusgraph/fetch/query.go:144.44,149.16 4 31
github.com/creativesoftwarefdn/weaviate/database/connectors/janusgraph/fetch/query.go:154.2,155.16 2 28
github.com/creativesoftwarefdn/weaviate/database/connectors/janusgraph/fetch/query.go:160.2,160.29 1 28
github.com/creativesoftwarefdn/weaviate/database/connectors/janusgraph/fetch/query.go:165.2,165.48 1 28
github.com/creativesoftwarefdn/weaviate/database/connectors/janusgraph/fetch/query.go:171.2,175.16 4 27
github.com/creativesoftwarefdn/weaviate/database/connectors/janusgraph/fetch/query.go:180.2,182.37 1 27
github.com/creativesoftwarefdn/weaviate/database/connectors/janusgraph/fetch/query.go:149.16,152.3 1 3
github.com/creativesoftwarefdn/weaviate/database/connectors/janusgraph/fetch/query.go:155.16,158.3 1 0
github.com/creativesoftwarefdn/weaviate/database/connectors/janusgraph/fetch/query.go:160.29,163.3 1 0
github.com/creativesoftwarefdn/weaviate/database/connectors/janusgraph/fetch/query.go:165.48,169.3 1 1
github.com/creativesoftwarefdn/weaviate/database/connectors/janusgraph/fetch/query.go:175.16,178.3 1 0
github.com/creativesoftwarefdn/weaviate/database/connectors/janusgraph/fetch/query_processor.go:36.75,38.2 1 1
github.com/creativesoftwarefdn/weaviate/database/connectors/janusgraph/fetch/query_processor.go:42.72,44.16 2 1
github.com/creativesoftwarefdn/weaviate/database/connectors/janusgraph/fetch/query_processor.go:48.2,49.36 2 1
github.com/creativesoftwarefdn/weaviate/database/connectors/janusgraph/fetch/query_processor.go:60.2,60.21 1 1
github.com/creativesoftwarefdn/weaviate/database/connectors/janusgraph/fetch/query_processor.go:44.16,46.3 1 0
github.com/creativesoftwarefdn/weaviate/database/connectors/janusgraph/fetch/query_processor.go:49.36,51.17 2 2
github.com/creativesoftwarefdn/weaviate/database/connectors/janusgraph/fetch/query_processor.go:55.3,57.4 1 2
github.com/creativesoftwarefdn/weaviate/database/connectors/janusgraph/fetch/query_processor.go:51.17,53.4 1 0
github.com/creativesoftwarefdn/weaviate/database/connectors/janusgraph/fetch/query_processor.go:63.69,65.9 2 2
github.com/creativesoftwarefdn/weaviate/database/connectors/janusgraph/fetch/query_processor.go:69.2,70.9 2 2
github.com/creativesoftwarefdn/weaviate/database/connectors/janusgraph/fetch/query_processor.go:75.2,76.9 2 2
github.com/creativesoftwarefdn/weaviate/database/connectors/janusgraph/fetch/query_processor.go:81.2,81.25 1 2
github.com/creativesoftwarefdn/weaviate/database/connectors/janusgraph/fetch/query_processor.go:86.2,87.9 2 2
github.com/creativesoftwarefdn/weaviate/database/connectors/janusgraph/fetch/query_processor.go:92.2,92.37 1 2
github.com/creativesoftwarefdn/weaviate/database/connectors/janusgraph/fetch/query_processor.go:65.9,67.3 1 0
github.com/creativesoftwarefdn/weaviate/database/connectors/janusgraph/fetch/query_processor.go:70.9,73.3 1 0
github.com/creativesoftwarefdn/weaviate/database/connectors/janusgraph/fetch/query_processor.go:76.9,79.3 1 0
github.com/creativesoftwarefdn/weaviate/database/connectors/janusgraph/fetch/query_processor.go:81.25,84.3 1 0
github.com/creativesoftwarefdn/weaviate/database/connectors/janusgraph/fetch/query_processor.go:87.9,90.3 1 0
github.com/creativesoftwarefdn/weaviate/database/connectors/janusgraph/fetch/query_processor.go:95.65,98.2 1 2
github.com/creativesoftwarefdn/weaviate/database/connectors/janusgraph/filters/predicates.go:24.43,25.20 1 59
github.com/creativesoftwarefdn/weaviate/database/connectors/janusgraph/filters/predicates.go:26.26,27.64 1 16
github.com/creativesoftwarefdn/weaviate/database/connectors/janusgraph/filters/predicates.go:28.29,29.66 1 7
github.com/creativesoftwarefdn/weaviate/database/connectors/janusgraph/filters/predicates.go:30.29,31.67 1 14
github.com/creativesoftwarefdn/weaviate/database/connectors/janusgraph/filters/predicates.go:32.30,33.65 1 7
github.com/creativesoftwarefdn/weaviate/database/connectors/janusgraph/filters/predicates.go:34.27,35.65 1 7
github.com/creativesoftwarefdn/weaviate/database/connectors/janusgraph/filters/predicates.go:36.37,37.75 1 8
github.com/creativesoftwarefdn/weaviate/database/connectors/janusgraph/filters/predicates.go:38.10,39.68 1 0
github.com/creativesoftwarefdn/weaviate/database/connectors/janusgraph/filters/predicates.go:43.103,45.9 2 16
github.com/creativesoftwarefdn/weaviate/database/connectors/janusgraph/filters/predicates.go:49.2,49.18 1 15
github.com/creativesoftwarefdn/weaviate/database/connectors/janusgraph/filters/predicates.go:45.9,47.3 1 1
github.com/creativesoftwarefdn/weaviate/database/connectors/janusgraph/filters/predicates.go:50.24,51.40 1 2
github.com/creativesoftwarefdn/weaviate/database/connectors/janusgraph/filters/predicates.go:52.27,53.41 1 2
github.com/creativesoftwarefdn/weaviate/database/connectors/janusgraph/filters/predicates.go:54.27,55.40 1 2
github.com/creativesoftwarefdn/weaviate/database/connectors/janusgraph/filters/predicates.go:56.32,57.41 1 2
github.com/creativesoftwarefdn/weaviate/database/connectors/janusgraph/filters/predicates.go:58.30,59.40 1 5
github.com/creativesoftwarefdn/weaviate/database/connectors/janusgraph/filters/predicates.go:60.35,61.41 1 2
github.com/creativesoftwarefdn/weaviate/database/connectors/janusgraph/filters/predicates.go:62.10,63.63 1 0
github.com/creativesoftwarefdn/weaviate/database/connectors/janusgraph/filters/predicates.go:67.105,69.9 2 7
github.com/creativesoftwarefdn/weaviate/database/connectors/janusgraph/filters/predicates.go:73.2,73.18 1 6
github.com/creativesoftwarefdn/weaviate/database/connectors/janusgraph/filters/predicates.go:69.9,71.3 1 1
github.com/creativesoftwarefdn/weaviate/database/connectors/janusgraph/filters/predicates.go:74.24,75.51 1 1
github.com/creativesoftwarefdn/weaviate/database/connectors/janusgraph/filters/predicates.go:76.27,77.52 1 1
github.com/creativesoftwarefdn/weaviate/database/connectors/janusgraph/filters/predicates.go:78.27,79.51 1 1
github.com/creativesoftwarefdn/weaviate/database/connectors/janusgraph/filters/predicates.go:80.32,81.52 1 1
github.com/creativesoftwarefdn/weaviate/database/connectors/janusgraph/filters/predicates.go:82.30,83.51 1 1
github.com/creativesoftwarefdn/weaviate/database/connectors/janusgraph/filters/predicates.go:84.35,85.52 1 1
github.com/creativesoftwarefdn/weaviate/database/connectors/janusgraph/filters/predicates.go:86.10,87.63 1 0
github.com/creativesoftwarefdn/weaviate/database/connectors/janusgraph/filters/predicates.go:91.104,93.9 2 7
github.com/creativesoftwarefdn/weaviate/database/connectors/janusgraph/filters/predicates.go:97.2,97.18 1 6
github.com/creativesoftwarefdn/weaviate/database/connectors/janusgraph/filters/predicates.go:93.9,95.3 1 1
github.com/creativesoftwarefdn/weaviate/database/connectors/janusgraph/filters/predicates.go:98.24,99.41 1 1
github.com/creativesoftwarefdn/weaviate/database/connectors/janusgraph/filters/predicates.go:100.27,101.42 1 1
github.com/creativesoftwarefdn/weaviate/database/connectors/janusgraph/filters/predicates.go:102.27,103.41 1 1
github.com/creativesoftwarefdn/weaviate/database/connectors/janusgraph/filters/predicates.go:104.32,105.42 1 1
github.com/creativesoftwarefdn/weaviate/database/connectors/janusgraph/filters/predicates.go:106.30,107.41 1 1
github.com/creativesoftwarefdn/weaviate/database/connectors/janusgraph/filters/predicates.go:108.35,109.42 1 1
github.com/creativesoftwarefdn/weaviate/database/connectors/janusgraph/filters/predicates.go:110.10,111.63 1 0
github.com/creativesoftwarefdn/weaviate/database/connectors/janusgraph/filters/predicates.go:115.114,117.9 2 8
github.com/creativesoftwarefdn/weaviate/database/connectors/janusgraph/filters/predicates.go:121.2,121.18 1 7
github.com/creativesoftwarefdn/weaviate/database/connectors/janusgraph/filters/predicates.go:117.9,119.3 1 1
github.com/creativesoftwarefdn/weaviate/database/connectors/janusgraph/filters/predicates.go:122.33,123.75 1 1
github.com/creativesoftwarefdn/weaviate/database/connectors/janusgraph/filters/predicates.go:124.10,125.103 1 6
github.com/creativesoftwarefdn/weaviate/database/connectors/janusgraph/filters/predicates.go:129.106,131.9 2 14
github.com/creativesoftwarefdn/weaviate/database/connectors/janusgraph/filters/predicates.go:135.2,135.18 1 13
github.com/creativesoftwarefdn/weaviate/database/connectors/janusgraph/filters/predicates.go:131.9,133.3 1 1
github.com/creativesoftwarefdn/weaviate/database/connectors/janusgraph/filters/predicates.go:136.24,137.43 1 6
github.com/creativesoftwarefdn/weaviate/database/connectors/janusgraph/filters/predicates.go:138.27,139.44 1 3
github.com/creativesoftwarefdn/weaviate/database/connectors/janusgraph/filters/predicates.go:141.55,146.94 1 4
github.com/creativesoftwarefdn/weaviate/database/connectors/janusgraph/filters/predicates.go:147.10,148.63 1 0
github.com/creativesoftwarefdn/weaviate/database/connectors/janusgraph/filters/predicates.go:152.104,154.9 2 7
github.com/creativesoftwarefdn/weaviate/database/connectors/janusgraph/filters/predicates.go:158.2,158.18 1 6
github.com/creativesoftwarefdn/weaviate/database/connectors/janusgraph/filters/predicates.go:154.9,156.3 1 1
github.com/creativesoftwarefdn/weaviate/database/connectors/janusgraph/filters/predicates.go:159.24,160.41 1 1
github.com/creativesoftwarefdn/weaviate/database/connectors/janusgraph/filters/predicates.go:161.27,162.42 1 1
github.com/creativesoftwarefdn/weaviate/database/connectors/janusgraph/filters/predicates.go:164.55,169.94 1 4
github.com/creativesoftwarefdn/weaviate/database/connectors/janusgraph/filters/predicates.go:170.10,171.63 1 0
github.com/creativesoftwarefdn/weaviate/database/connectors/janusgraph/filters/query.go:35.82,40.2 1 57
github.com/creativesoftwarefdn/weaviate/database/connectors/janusgraph/filters/query.go:42.48,43.21 1 57
github.com/creativesoftwarefdn/weaviate/database/connectors/janusgraph/filters/query.go:47.2,49.16 3 56
github.com/creativesoftwarefdn/weaviate/database/connectors/janusgraph/filters/query.go:53.2,53.51 1 35
github.com/creativesoftwarefdn/weaviate/database/connectors/janusgraph/filters/query.go:43.21,45.3 1 1
github.com/creativesoftwarefdn/weaviate/database/connectors/janusgraph/filters/query.go:49.16,51.3 1 21
github.com/creativesoftwarefdn/weaviate/database/connectors/janusgraph/filters/query.go:64.90,65.31 1 64
github.com/creativesoftwarefdn/weaviate/database/connectors/janusgraph/filters/query.go:69.2,69.25 1 5
github.com/creativesoftwarefdn/weaviate/database/connectors/janusgraph/filters/query.go:65.31,67.3 1 59
github.com/creativesoftwarefdn/weaviate/database/connectors/janusgraph/filters/query.go:70.61,71.38 1 4
github.com/creativesoftwarefdn/weaviate/database/connectors/janusgraph/filters/query.go:72.10,73.68 1 1
github.com/creativesoftwarefdn/weaviate/database/connectors/janusgraph/filters/query.go:77.95,78.28 1 59
github.com/creativesoftwarefdn/weaviate/database/connectors/janusgraph/filters/query.go:81.2,81.44 1 3
github.com/creativesoftwarefdn/weaviate/database/connectors/janusgraph/filters/query.go:78.28,80.3 1 56
github.com/creativesoftwarefdn/weaviate/database/connectors/janusgraph/filters/query.go:91.104,94.16 3 59
github.com/creativesoftwarefdn/weaviate/database/connectors/janusgraph/filters/query.go:99.2,102.15 4 39
github.com/creativesoftwarefdn/weaviate/database/connectors/janusgraph/filters/query.go:94.16,97.3 1 20
github.com/creativesoftwarefdn/weaviate/database/connectors/janusgraph/filters/query.go:116.104,120.16 3 3
github.com/creativesoftwarefdn/weaviate/database/connectors/janusgraph/filters/query.go:124.2,125.16 2 3
github.com/creativesoftwarefdn/weaviate/database/connectors/janusgraph/filters/query.go:129.2,131.15 2 3
github.com/creativesoftwarefdn/weaviate/database/connectors/janusgraph/filters/query.go:120.16,122.3 1 0
github.com/creativesoftwarefdn/weaviate/database/connectors/janusgraph/filters/query.go:125.16,127.3 1 0
github.com/creativesoftwarefdn/weaviate/database/connectors/janusgraph/filters/query.go:143.88,150.29 5 4
github.com/creativesoftwarefdn/weaviate/database/connectors/janusgraph/filters/query.go:156.2,157.16 2 1
github.com/creativesoftwarefdn/weaviate/database/connectors/janusgraph/filters/query.go:161.2,161.63 1 1
github.com/creativesoftwarefdn/weaviate/database/connectors/janusgraph/filters/query.go:150.29,153.3 1 3
github.com/creativesoftwarefdn/weaviate/database/connectors/janusgraph/filters/query.go:157.16,159.3 1 0
github.com/creativesoftwarefdn/weaviate/database/connectors/janusgraph/filters/query.go:167.97,170.42 3 4
github.com/creativesoftwarefdn/weaviate/database/connectors/janusgraph/filters/query.go:178.2,178.25 1 4
github.com/creativesoftwarefdn/weaviate/database/connectors/janusgraph/filters/query.go:186.2,186.67 1 0
github.com/creativesoftwarefdn/weaviate/database/connectors/janusgraph/filters/query.go:170.42,172.17 2 8
github.com/creativesoftwarefdn/weaviate/database/connectors/janusgraph/filters/query.go:175.3,175.32 1 8
github.com/creativesoftwarefdn/weaviate/database/connectors/janusgraph/filters/query.go:172.17,174.4 1 0
github.com/creativesoftwarefdn/weaviate/database/connectors/janusgraph/filters/query.go:179.34,181.16 2 2
github.com/creativesoftwarefdn/weaviate/database/connectors/janusgraph/filters/query.go:182.33,184.16 2 2
github.com/creativesoftwarefdn/weaviate/database/connectors/janusgraph/filters/query.go:190.39,191.25 1 43
github.com/creativesoftwarefdn/weaviate/database/connectors/janusgraph/filters/query.go:195.2,195.76 1 8
github.com/creativesoftwarefdn/weaviate/database/connectors/janusgraph/filters/query.go:191.25,193.3 1 35
github.com/creativesoftwarefdn/weaviate/database/connectors/janusgraph/filters/query.go:198.74,199.25 1 4
github.com/creativesoftwarefdn/weaviate/database/connectors/janusgraph/filters/query.go:203.2,203.63 1 1
github.com/creativesoftwarefdn/weaviate/database/connectors/janusgraph/filters/query.go:199.25,201.3 1 3
github.com/creativesoftwarefdn/weaviate/database/connectors/janusgraph/get/dedup.go:23.52,26.28 2 6
github.com/creativesoftwarefdn/weaviate/database/connectors/janusgraph/get/dedup.go:32.2,32.22 1 6
github.com/creativesoftwarefdn/weaviate/database/connectors/janusgraph/get/dedup.go:26.28,30.3 3 9
github.com/creativesoftwarefdn/weaviate/database/connectors/janusgraph/get/dedup.go:35.37,38.26 2 6
github.com/creativesoftwarefdn/weaviate/database/connectors/janusgraph/get/dedup.go:52.2,52.12 1 6
github.com/creativesoftwarefdn/weaviate/database/connectors/janusgraph/get/dedup.go:38.26,40.32 2 7
github.com/creativesoftwarefdn/weaviate/database/connectors/janusgraph/get/dedup.go:47.3,49.28 2 7
github.com/creativesoftwarefdn/weaviate/database/connectors/janusgraph/get/dedup.go:40.32,42.4 1 9
github.com/creativesoftwarefdn/weaviate/database/connectors/janusgraph/get/dedup.go:57.79,58.23 1 9
github.com/creativesoftwarefdn/weaviate/database/connectors/janusgraph/get/dedup.go:75.2,75.11 1 9
github.com/creativesoftwarefdn/weaviate/database/connectors/janusgraph/get/dedup.go:58.23,60.9 2 35
github.com/creativesoftwarefdn/weaviate/database/connectors/janusgraph/get/dedup.go:60.9,62.26 1 8
github.com/creativesoftwarefdn/weaviate/database/connectors/janusgraph/get/dedup.go:63.23,65.68 1 2
github.com/creativesoftwarefdn/weaviate/database/connectors/janusgraph/get/dedup.go:66.12,68.14 1 6
github.com/creativesoftwarefdn/weaviate/database/connectors/janusgraph/get/dedup.go:70.9,72.4 1 27
github.com/creativesoftwarefdn/weaviate/database/connectors/janusgraph/get/dedup.go:78.75,79.26 1 18
github.com/creativesoftwarefdn/weaviate/database/connectors/janusgraph/get/dedup.go:86.2,86.14 1 18
github.com/creativesoftwarefdn/weaviate/database/connectors/janusgraph/get/dedup.go:79.26,80.24 1 54
github.com/creativesoftwarefdn/weaviate/database/connectors/janusgraph/get/dedup.go:81.22,82.28 1 9
github.com/creativesoftwarefdn/weaviate/database/connectors/janusgraph/get/dedup.go:89.48,91.25 2 9
github.com/creativesoftwarefdn/weaviate/database/connectors/janusgraph/get/dedup.go:102.2,102.22 1 9
github.com/creativesoftwarefdn/weaviate/database/connectors/janusgraph/get/dedup.go:91.25,92.29 1 13
github.com/creativesoftwarefdn/weaviate/database/connectors/janusgraph/get/dedup.go:93.21,95.38 2 12
github.com/creativesoftwarefdn/weaviate/database/connectors/janusgraph/get/dedup.go:96.23,97.46 1 1
github.com/creativesoftwarefdn/weaviate/database/connectors/janusgraph/get/dedup.go:107.40,110.26 2 9
github.com/creativesoftwarefdn/weaviate/database/connectors/janusgraph/get/dedup.go:134.2,134.12 1 9
github.com/creativesoftwarefdn/weaviate/database/connectors/janusgraph/get/dedup.go:110.26,116.32 3 11
github.com/creativesoftwarefdn/weaviate/database/connectors/janusgraph/get/dedup.go:128.3,129.20 2 11
github.com/creativesoftwarefdn/weaviate/database/connectors/janusgraph/get/dedup.go:116.32,117.49 1 13
github.com/creativesoftwarefdn/weaviate/database/connectors/janusgraph/get/dedup.go:117.49,120.5 2 12
github.com/creativesoftwarefdn/weaviate/database/connectors/janusgraph/get/dedup.go:120.10,122.5 1 1
github.com/creativesoftwarefdn/weaviate/database/connectors/janusgraph/get/dedup.go:129.20,131.4 1 10
github.com/creativesoftwarefdn/weaviate/database/connectors/janusgraph/get/dedup.go:137.62,140.23 3 12
github.com/creativesoftwarefdn/weaviate/database/connectors/janusgraph/get/dedup.go:157.2,160.3 1 12
github.com/creativesoftwarefdn/weaviate/database/connectors/janusgraph/get/dedup.go:140.23,142.9 2 33
github.com/creativesoftwarefdn/weaviate/database/connectors/janusgraph/get/dedup.go:142.9,144.26 1 6
github.com/creativesoftwarefdn/weaviate/database/connectors/janusgraph/get/dedup.go:145.23,147.68 1 2
github.com/creativesoftwarefdn/weaviate/database/connectors/janusgraph/get/dedup.go:148.12,150.14 1 4
github.com/creativesoftwarefdn/weaviate/database/connectors/janusgraph/get/dedup.go:152.9,154.4 1 27
github.com/creativesoftwarefdn/weaviate/database/connectors/janusgraph/get/query.go:39.13,41.2 1 1
github.com/creativesoftwarefdn/weaviate/database/connectors/janusgraph/get/query.go:44.66,50.2 1 5
github.com/creativesoftwarefdn/weaviate/database/connectors/janusgraph/get/query.go:68.42,75.32 6 5
github.com/creativesoftwarefdn/weaviate/database/connectors/janusgraph/get/query.go:80.2,80.29 1 5
github.com/creativesoftwarefdn/weaviate/database/connectors/janusgraph/get/query.go:86.2,86.63 1 5
github.com/creativesoftwarefdn/weaviate/database/connectors/janusgraph/get/query.go:90.2,99.24 2 5
github.com/creativesoftwarefdn/weaviate/database/connectors/janusgraph/get/query.go:75.32,78.3 2 5
github.com/creativesoftwarefdn/weaviate/database/connectors/janusgraph/get/query.go:80.29,81.90 1 1
github.com/creativesoftwarefdn/weaviate/database/connectors/janusgraph/get/query.go:81.90,83.4 1 0
github.com/creativesoftwarefdn/weaviate/database/connectors/janusgraph/get/query.go:86.63,88.3 1 0
github.com/creativesoftwarefdn/weaviate/database/connectors/janusgraph/get/query.go:102.55,105.23 2 5
github.com/creativesoftwarefdn/weaviate/database/connectors/janusgraph/get/query.go:109.2,109.60 1 3
github.com/creativesoftwarefdn/weaviate/database/connectors/janusgraph/get/query.go:105.23,107.3 1 2
github.com/creativesoftwarefdn/weaviate/database/connectors/janusgraph/get/query.go:112.95,114.29 2 10
github.com/creativesoftwarefdn/weaviate/database/connectors/janusgraph/get/query.go:120.2,120.16 1 10
github.com/creativesoftwarefdn/weaviate/database/connectors/janusgraph/get/query.go:114.29,115.73 1 13
github.com/creativesoftwarefdn/weaviate/database/connectors/janusgraph/get/query.go:115.73,117.4 1 5
github.com/creativesoftwarefdn/weaviate/database/connectors/janusgraph/get/query.go:123.90,124.22 1 13
github.com/creativesoftwarefdn/weaviate/database/connectors/janusgraph/get/query.go:128.2,134.37 4 5
github.com/creativesoftwarefdn/weaviate/database/connectors/janusgraph/get/query.go:159.2,159.16 1 5
github.com/creativesoftwarefdn/weaviate/database/connectors/janusgraph/get/query.go:124.22,126.3 1 8
github.com/creativesoftwarefdn/weaviate/database/connectors/janusgraph/get/query.go:134.37,135.51 1 5
github.com/creativesoftwarefdn/weaviate/database/connectors/janusgraph/get/query.go:142.3,143.30 2 5
github.com/creativesoftwarefdn/weaviate/database/connectors/janusgraph/get/query.go:150.3,151.41 2 2
github.com/creativesoftwarefdn/weaviate/database/connectors/janusgraph/get/query.go:155.3,155.45 1 2
github.com/creativesoftwarefdn/weaviate/database/connectors/janusgraph/get/query.go:135.51,137.4 1 1
github.com/creativesoftwarefdn/weaviate/database/connectors/janusgraph/get/query.go:137.9,140.4 2 4
github.com/creativesoftwarefdn/weaviate/database/connectors/janusgraph/get/query.go:143.30,145.12 2 3
github.com/creativesoftwarefdn/weaviate/database/connectors/janusgraph/get/query.go:151.41,153.4 1 2
github.com/creativesoftwarefdn/weaviate/database/connectors/janusgraph/get/query.go:162.51,164.2 1 5
github.com/creativesoftwarefdn/weaviate/database/connectors/janusgraph/get/query_processor.go:45.13,47.2 1 1
github.com/creativesoftwarefdn/weaviate/database/connectors/janusgraph/get/query_processor.go:50.100,52.2 1 6
github.com/creativesoftwarefdn/weaviate/database/connectors/janusgraph/get/query_processor.go:56.74,58.16 2 6
github.com/creativesoftwarefdn/weaviate/database/connectors/janusgraph/get/query_processor.go:62.2,63.36 2 6
github.com/creativesoftwarefdn/weaviate/database/connectors/janusgraph/get/query_processor.go:72.2,72.34 1 6
github.com/creativesoftwarefdn/weaviate/database/connectors/janusgraph/get/query_processor.go:58.16,60.3 1 0
github.com/creativesoftwarefdn/weaviate/database/connectors/janusgraph/get/query_processor.go:63.36,65.17 2 9
github.com/creativesoftwarefdn/weaviate/database/connectors/janusgraph/get/query_processor.go:69.3,69.39 1 9
github.com/creativesoftwarefdn/weaviate/database/connectors/janusgraph/get/query_processor.go:65.17,67.4 1 0
github.com/creativesoftwarefdn/weaviate/database/connectors/janusgraph/get/query_processor.go:75.72,77.9 2 9
github.com/creativesoftwarefdn/weaviate/database/connectors/janusgraph/get/query_processor.go:81.2,82.9 2 9
github.com/creativesoftwarefdn/weaviate/database/connectors/janusgraph/get/query_processor.go:86.2,87.9 2 9
github.com/creativesoftwarefdn/weaviate/database/connectors/janusgraph/get/query_processor.go:91.2,91.30 1 9
github.com/creativesoftwarefdn/weaviate/database/connectors/janusgraph/get/query_processor.go:96.2,98.27 3 9
github.com/creativesoftwarefdn/weaviate/database/connectors/janusgraph/get/query_processor.go:106.2,107.16 2 9
github.com/creativesoftwarefdn/weaviate/database/connectors/janusgraph/get/query_processor.go:111.2,111.41 1 9
github.com/creativesoftwarefdn/weaviate/database/connectors/janusgraph/get/query_processor.go:77.9,79.3 1 0
github.com/creativesoftwarefdn/weaviate/database/connectors/janusgraph/get/query_processor.go:82.9,84.3 1 0
github.com/creativesoftwarefdn/weaviate/database/connectors/janusgraph/get/query_processor.go:87.9,89.3 1 0
github.com/creativesoftwarefdn/weaviate/database/connectors/janusgraph/get/query_processor.go:91.30,94.3 1 0
github.com/creativesoftwarefdn/weaviate/database/connectors/janusgraph/get/query_processor.go:98.27,101.17 2 7
github.com/creativesoftwarefdn/weaviate/database/connectors/janusgraph/get/query_processor.go:101.17,103.4 1 0
github.com/creativesoftwarefdn/weaviate/database/connectors/janusgraph/get/query_processor.go:107.16,109.3 1 0
github.com/creativesoftwarefdn/weaviate/database/connectors/janusgraph/get/query_processor.go:115.88,117.9 2 21
github.com/creativesoftwarefdn/weaviate/database/connectors/janusgraph/get/query_processor.go:121.2,122.16 2 21
github.com/creativesoftwarefdn/weaviate/database/connectors/janusgraph/get/query_processor.go:126.2,127.33 2 21
github.com/creativesoftwarefdn/weaviate/database/connectors/janusgraph/get/query_processor.go:151.2,151.21 1 21
github.com/creativesoftwarefdn/weaviate/database/connectors/janusgraph/get/query_processor.go:117.9,119.3 1 0
github.com/creativesoftwarefdn/weaviate/database/connectors/janusgraph/get/query_processor.go:122.16,124.3 1 0
github.com/creativesoftwarefdn/weaviate/database/connectors/janusgraph/get/query_processor.go:127.33,128.23 1 76
github.com/creativesoftwarefdn/weaviate/database/connectors/janusgraph/get/query_processor.go:132.3,133.17 2 55
github.com/creativesoftwarefdn/weaviate/database/connectors/janusgraph/get/query_processor.go:137.3,137.32 1 55
github.com/creativesoftwarefdn/weaviate/database/connectors/janusgraph/get/query_processor.go:142.3,143.17 2 34
github.com/creativesoftwarefdn/weaviate/database/connectors/janusgraph/get/query_processor.go:147.3,148.35 2 34
github.com/creativesoftwarefdn/weaviate/database/connectors/janusgraph/get/query_processor.go:128.23,129.12 1 21
github.com/creativesoftwarefdn/weaviate/database/connectors/janusgraph/get/query_processor.go:133.17,135.4 1 0
github.com/creativesoftwarefdn/weaviate/database/connectors/janusgraph/get/query_processor.go:137.32,139.12 2 21
[...]
github.com/creativesoftwarefdn/weaviate/restapi/handlers_schema.go:335.17,337.4 1 0
github.com/creativesoftwarefdn/weaviate/restapi/handlers_schema.go:345.32,347.4 1 0
github.com/creativesoftwarefdn/weaviate/restapi/handlers_schema.go:350.36,352.4 1 0
github.com/creativesoftwarefdn/weaviate/restapi/handlers_schema.go:356.17,358.14 1 0
github.com/creativesoftwarefdn/weaviate/restapi/handlers_schema.go:361.4,361.51 1 0
github.com/creativesoftwarefdn/weaviate/restapi/handlers_schema.go:358.14,360.5 1 0
github.com/creativesoftwarefdn/weaviate/restapi/handlers_schema.go:362.9,365.4 2 0
github.com/creativesoftwarefdn/weaviate/restapi/handlers_schema.go:373.25,375.16 2 0
github.com/creativesoftwarefdn/weaviate/restapi/handlers_schema.go:375.16,377.3 1 0
github.com/creativesoftwarefdn/weaviate/restapi/server.go:49.13,53.2 1 1
github.com/creativesoftwarefdn/weaviate/restapi/server.go:56.53,63.2 5 0
github.com/creativesoftwarefdn/weaviate/restapi/server.go:66.33,67.18 1 0
github.com/creativesoftwarefdn/weaviate/restapi/server.go:67.18,69.3 1 0
github.com/creativesoftwarefdn/weaviate/restapi/server.go:73.35,74.18 1 0
github.com/creativesoftwarefdn/weaviate/restapi/server.go:74.18,76.3 1 0
github.com/creativesoftwarefdn/weaviate/restapi/server.go:118.54,119.41 1 0
github.com/creativesoftwarefdn/weaviate/restapi/server.go:119.41,121.3 1 0
github.com/creativesoftwarefdn/weaviate/restapi/server.go:121.8,123.3 1 0
github.com/creativesoftwarefdn/weaviate/restapi/server.go:128.56,129.41 1 0
github.com/creativesoftwarefdn/weaviate/restapi/server.go:129.41,132.3 2 0
github.com/creativesoftwarefdn/weaviate/restapi/server.go:132.8,134.3 1 0
github.com/creativesoftwarefdn/weaviate/restapi/server.go:138.54,139.16 1 0
github.com/creativesoftwarefdn/weaviate/restapi/server.go:145.2,147.31 3 0
github.com/creativesoftwarefdn/weaviate/restapi/server.go:139.16,143.3 3 0
github.com/creativesoftwarefdn/weaviate/restapi/server.go:150.48,152.23 2 0
github.com/creativesoftwarefdn/weaviate/restapi/server.go:156.2,156.28 1 0
github.com/creativesoftwarefdn/weaviate/restapi/server.go:161.2,161.14 1 0
github.com/creativesoftwarefdn/weaviate/restapi/server.go:152.23,154.3 1 0
github.com/creativesoftwarefdn/weaviate/restapi/server.go:156.28,157.18 1 0
github.com/creativesoftwarefdn/weaviate/restapi/server.go:157.18,159.4 1 0
github.com/creativesoftwarefdn/weaviate/restapi/server.go:165.38,166.21 1 0
github.com/creativesoftwarefdn/weaviate/restapi/server.go:173.2,173.22 1 0
github.com/creativesoftwarefdn/weaviate/restapi/server.go:181.2,190.29 8 0
github.com/creativesoftwarefdn/weaviate/restapi/server.go:212.2,212.29 1 0
github.com/creativesoftwarefdn/weaviate/restapi/server.go:242.2,242.30 1 0
github.com/creativesoftwarefdn/weaviate/restapi/server.go:338.2,339.12 2 0
github.com/creativesoftwarefdn/weaviate/restapi/server.go:166.21,167.35 1 0
github.com/creativesoftwarefdn/weaviate/restapi/server.go:167.35,169.4 1 0
github.com/creativesoftwarefdn/weaviate/restapi/server.go:173.22,174.19 1 0
github.com/creativesoftwarefdn/weaviate/restapi/server.go:178.3,178.33 1 0
github.com/creativesoftwarefdn/weaviate/restapi/server.go:174.19,176.4 1 0
github.com/creativesoftwarefdn/weaviate/restapi/server.go:190.29,194.34 4 0
github.com/creativesoftwarefdn/weaviate/restapi/server.go:198.3,203.27 5 0
github.com/creativesoftwarefdn/weaviate/restapi/server.go:194.34,196.4 1 0
github.com/creativesoftwarefdn/weaviate/restapi/server.go:203.27,205.79 2 0
github.com/creativesoftwarefdn/weaviate/restapi/server.go:208.4,208.65 1 0
github.com/creativesoftwarefdn/weaviate/restapi/server.go:205.79,207.5 1 0
github.com/creativesoftwarefdn/weaviate/restapi/server.go:212.29,218.24 6 0
github.com/creativesoftwarefdn/weaviate/restapi/server.go:222.3,222.34 1 0
github.com/creativesoftwarefdn/weaviate/restapi/server.go:226.3,233.27 6 0
github.com/creativesoftwarefdn/weaviate/restapi/server.go:218.24,220.4 1 0
github.com/creativesoftwarefdn/weaviate/restapi/server.go:222.34,224.4 1 0
github.com/creativesoftwarefdn/weaviate/restapi/server.go:233.27,235.77 2 0
github.com/creativesoftwarefdn/weaviate/restapi/server.go:238.4,238.61 1 0
github.com/creativesoftwarefdn/weaviate/restapi/server.go:235.77,237.5 1 0
github.com/creativesoftwarefdn/weaviate/restapi/server.go:242.30,248.27 6 0
github.com/creativesoftwarefdn/weaviate/restapi/server.go:251.3,251.34 1 0
github.com/creativesoftwarefdn/weaviate/restapi/server.go:254.3,280.58 3 0
github.com/creativesoftwarefdn/weaviate/restapi/server.go:288.3,288.31 1 0
github.com/creativesoftwarefdn/weaviate/restapi/server.go:304.3,306.51 2 0
github.com/creativesoftwarefdn/weaviate/restapi/server.go:322.3,329.27 6 0
github.com/creativesoftwarefdn/weaviate/restapi/server.go:248.27,250.4 1 0
github.com/creativesoftwarefdn/weaviate/restapi/server.go:251.34,253.4 1 0
github.com/creativesoftwarefdn/weaviate/restapi/server.go:280.58,283.18 3 0
github.com/creativesoftwarefdn/weaviate/restapi/server.go:283.18,285.5 1 0
github.com/creativesoftwarefdn/weaviate/restapi/server.go:288.31,291.24 2 0
github.com/creativesoftwarefdn/weaviate/restapi/server.go:294.4,296.11 3 0
github.com/creativesoftwarefdn/weaviate/restapi/server.go:299.4,300.69 2 0
github.com/creativesoftwarefdn/weaviate/restapi/server.go:291.24,293.5 1 0
github.com/creativesoftwarefdn/weaviate/restapi/server.go:296.11,298.5 1 0
github.com/creativesoftwarefdn/weaviate/restapi/server.go:306.51,308.30 1 0
github.com/creativesoftwarefdn/weaviate/restapi/server.go:314.4,314.33 1 0
github.com/creativesoftwarefdn/weaviate/restapi/server.go:318.4,318.53 1 0
github.com/creativesoftwarefdn/weaviate/restapi/server.go:308.30,309.34 1 0
github.com/creativesoftwarefdn/weaviate/restapi/server.go:312.5,312.72 1 0
github.com/creativesoftwarefdn/weaviate/restapi/server.go:309.34,311.6 1 0
github.com/creativesoftwarefdn/weaviate/restapi/server.go:314.33,316.5 1 0
github.com/creativesoftwarefdn/weaviate/restapi/server.go:329.27,331.78 2 0
github.com/creativesoftwarefdn/weaviate/restapi/server.go:334.4,334.62 1 0
github.com/creativesoftwarefdn/weaviate/restapi/server.go:331.78,333.5 1 0
github.com/creativesoftwarefdn/weaviate/restapi/server.go:343.33,344.20 1 0
github.com/creativesoftwarefdn/weaviate/restapi/server.go:348.2,348.30 1 0
github.com/creativesoftwarefdn/weaviate/restapi/server.go:371.2,371.29 1 0
github.com/creativesoftwarefdn/weaviate/restapi/server.go:379.2,379.29 1 0
github.com/creativesoftwarefdn/weaviate/restapi/server.go:394.2,394.30 1 0
github.com/creativesoftwarefdn/weaviate/restapi/server.go:409.2,410.12 2 0
github.com/creativesoftwarefdn/weaviate/restapi/server.go:344.20,346.3 1 0
github.com/creativesoftwarefdn/weaviate/restapi/server.go:348.30,350.22 1 0
github.com/creativesoftwarefdn/weaviate/restapi/server.go:354.3,354.28 1 0
github.com/creativesoftwarefdn/weaviate/restapi/server.go:358.3,358.33 1 0
github.com/creativesoftwarefdn/weaviate/restapi/server.go:362.3,362.35 1 0
github.com/creativesoftwarefdn/weaviate/restapi/server.go:366.3,366.36 1 0
github.com/creativesoftwarefdn/weaviate/restapi/server.go:350.22,352.4 1 0
github.com/creativesoftwarefdn/weaviate/restapi/server.go:354.28,356.4 1 0
github.com/creativesoftwarefdn/weaviate/restapi/server.go:358.33,360.4 1 0
github.com/creativesoftwarefdn/weaviate/restapi/server.go:362.35,364.4 1 0
github.com/creativesoftwarefdn/weaviate/restapi/server.go:366.36,368.4 1 0
github.com/creativesoftwarefdn/weaviate/restapi/server.go:371.29,373.17 2 0
github.com/creativesoftwarefdn/weaviate/restapi/server.go:376.3,376.36 1 0
github.com/creativesoftwarefdn/weaviate/restapi/server.go:373.17,375.4 1 0
github.com/creativesoftwarefdn/weaviate/restapi/server.go:379.29,381.17 2 0
github.com/creativesoftwarefdn/weaviate/restapi/server.go:385.3,386.17 2 0
github.com/creativesoftwarefdn/weaviate/restapi/server.go:389.3,391.27 3 0
github.com/creativesoftwarefdn/weaviate/restapi/server.go:381.17,383.4 1 0
github.com/creativesoftwarefdn/weaviate/restapi/server.go:386.17,388.4 1 0
github.com/creativesoftwarefdn/weaviate/restapi/server.go:394.30,396.17 2 0
github.com/creativesoftwarefdn/weaviate/restapi/server.go:400.3,401.17 2 0
github.com/creativesoftwarefdn/weaviate/restapi/server.go:404.3,406.31 3 0
github.com/creativesoftwarefdn/weaviate/restapi/server.go:396.17,398.4 1 0
github.com/creativesoftwarefdn/weaviate/restapi/server.go:401.17,403.4 1 0
github.com/creativesoftwarefdn/weaviate/restapi/server.go:414.35,415.55 1 0
github.com/creativesoftwarefdn/weaviate/restapi/server.go:418.2,418.12 1 0
github.com/creativesoftwarefdn/weaviate/restapi/server.go:415.55,417.3 1 0
github.com/creativesoftwarefdn/weaviate/restapi/server.go:421.81,434.25 7 0
github.com/creativesoftwarefdn/weaviate/restapi/server.go:451.2,452.20 2 0
github.com/creativesoftwarefdn/weaviate/restapi/server.go:455.2,455.13 1 0
github.com/creativesoftwarefdn/weaviate/restapi/server.go:434.25,436.13 2 0
github.com/creativesoftwarefdn/weaviate/restapi/server.go:436.13,438.17 2 0
github.com/creativesoftwarefdn/weaviate/restapi/server.go:441.4,441.47 1 0
github.com/creativesoftwarefdn/weaviate/restapi/server.go:438.17,440.5 1 0
github.com/creativesoftwarefdn/weaviate/restapi/server.go:441.47,444.5 1 0
github.com/creativesoftwarefdn/weaviate/restapi/server.go:444.10,446.5 1 0
github.com/creativesoftwarefdn/weaviate/restapi/server.go:452.20,454.3 1 0
github.com/creativesoftwarefdn/weaviate/restapi/server.go:455.13,457.3 1 0
github.com/creativesoftwarefdn/weaviate/restapi/server.go:461.44,463.2 1 0
github.com/creativesoftwarefdn/weaviate/restapi/server.go:466.51,468.2 1 0
github.com/creativesoftwarefdn/weaviate/restapi/server.go:471.55,472.21 1 0
github.com/creativesoftwarefdn/weaviate/restapi/server.go:477.2,477.29 1 0
github.com/creativesoftwarefdn/weaviate/restapi/server.go:472.21,473.36 1 0
github.com/creativesoftwarefdn/weaviate/restapi/server.go:473.36,475.4 1 0
github.com/creativesoftwarefdn/weaviate/restapi/server.go:481.55,482.21 1 0
github.com/creativesoftwarefdn/weaviate/restapi/server.go:487.2,487.27 1 0
github.com/creativesoftwarefdn/weaviate/restapi/server.go:482.21,483.36 1 0
github.com/creativesoftwarefdn/weaviate/restapi/server.go:483.36,485.4 1 0
github.com/creativesoftwarefdn/weaviate/restapi/server.go:491.54,492.21 1 0
github.com/creativesoftwarefdn/weaviate/restapi/server.go:497.2,497.28 1 0
github.com/creativesoftwarefdn/weaviate/restapi/server.go:492.21,493.36 1 0
github.com/creativesoftwarefdn/weaviate/restapi/server.go:493.36,495.4 1 0
github.com/creativesoftwarefdn/weaviate/restapi/server.go:500.50,501.17 1 0
github.com/creativesoftwarefdn/weaviate/restapi/server.go:501.17,502.29 1 0
github.com/creativesoftwarefdn/weaviate/restapi/server.go:502.29,503.21 1 0
github.com/creativesoftwarefdn/weaviate/restapi/server.go:507.4,509.39 3 0
github.com/creativesoftwarefdn/weaviate/restapi/server.go:503.21,505.13 2 0
github.com/creativesoftwarefdn/weaviate/restapi/server.go:509.39,511.5 1 0
github.com/creativesoftwarefdn/weaviate/restapi/server.go:516.47,518.2 1 0
github.com/creativesoftwarefdn/weaviate/telemetry/monitoring.go:29.28,36.2 1 10
github.com/creativesoftwarefdn/weaviate/telemetry/monitoring.go:40.71,41.15 1 1014
github.com/creativesoftwarefdn/weaviate/telemetry/monitoring.go:41.15,53.37 4 1013
github.com/creativesoftwarefdn/weaviate/telemetry/monitoring.go:58.3,58.19 1 1013
github.com/creativesoftwarefdn/weaviate/telemetry/monitoring.go:53.37,55.4 1 1000
github.com/creativesoftwarefdn/weaviate/telemetry/monitoring.go:55.9,57.4 1 13
github.com/creativesoftwarefdn/weaviate/telemetry/monitoring.go:63.71,64.15 1 6
github.com/creativesoftwarefdn/weaviate/telemetry/monitoring.go:80.2,80.12 1 0
github.com/creativesoftwarefdn/weaviate/telemetry/monitoring.go:64.15,68.21 3 6
github.com/creativesoftwarefdn/weaviate/telemetry/monitoring.go:74.3,77.19 3 6
github.com/creativesoftwarefdn/weaviate/telemetry/monitoring.go:68.21,69.34 1 3
github.com/creativesoftwarefdn/weaviate/telemetry/monitoring.go:69.34,71.5 1 4
github.com/creativesoftwarefdn/weaviate/telemetry/reporting.go:46.200,59.2 1 2
github.com/creativesoftwarefdn/weaviate/telemetry/reporting.go:77.28,78.15 1 1
github.com/creativesoftwarefdn/weaviate/telemetry/reporting.go:78.15,79.7 1 1
github.com/creativesoftwarefdn/weaviate/telemetry/reporting.go:79.7,84.19 5 3
github.com/creativesoftwarefdn/weaviate/telemetry/reporting.go:84.19,85.19 1 0
github.com/creativesoftwarefdn/weaviate/telemetry/reporting.go:85.19,87.6 1 0
github.com/creativesoftwarefdn/weaviate/telemetry/reporting.go:87.11,90.6 2 0
github.com/creativesoftwarefdn/weaviate/telemetry/reporting.go:97.72,100.36 2 3
github.com/creativesoftwarefdn/weaviate/telemetry/reporting.go:100.36,102.3 1 3
github.com/creativesoftwarefdn/weaviate/telemetry/reporting.go:106.78,112.16 5 0
github.com/creativesoftwarefdn/weaviate/telemetry/reporting.go:112.16,114.3 1 0
github.com/creativesoftwarefdn/weaviate/telemetry/reporting.go:118.91,122.16 3 2
github.com/creativesoftwarefdn/weaviate/telemetry/reporting.go:126.2,126.22 1 2
github.com/creativesoftwarefdn/weaviate/telemetry/reporting.go:122.16,124.3 1 0
github.com/creativesoftwarefdn/weaviate/telemetry/reporting.go:135.60,137.2 1 4
github.com/creativesoftwarefdn/weaviate/telemetry/reporting.go:140.94,144.38 3 3
github.com/creativesoftwarefdn/weaviate/telemetry/reporting.go:157.2,157.23 1 3
github.com/creativesoftwarefdn/weaviate/telemetry/reporting.go:144.38,155.3 8 2
github.com/creativesoftwarefdn/weaviate/telemetry/reporting.go:161.100,164.15 3 3
github.com/creativesoftwarefdn/weaviate/telemetry/reporting.go:168.2,171.16 3 3
github.com/creativesoftwarefdn/weaviate/telemetry/reporting.go:175.2,175.22 1 3
github.com/creativesoftwarefdn/weaviate/telemetry/reporting.go:164.15,166.3 1 3
github.com/creativesoftwarefdn/weaviate/telemetry/reporting.go:171.16,173.3 1 0
github.com/creativesoftwarefdn/weaviate/telemetry/reporting.go:179.107,186.2 1 2
github.com/creativesoftwarefdn/weaviate/telemetry/reporting.go:197.53,203.40 5 0
github.com/creativesoftwarefdn/weaviate/telemetry/reporting.go:203.40,206.3 2 0
github.com/creativesoftwarefdn/weaviate/telemetry/reporting.go:206.8,208.3 1 0
github.com/creativesoftwarefdn/weaviate/telemetry/reporting.go:212.55,217.16 4 0
github.com/creativesoftwarefdn/weaviate/telemetry/reporting.go:217.16,219.3 1 0
github.com/creativesoftwarefdn/weaviate/test/acceptance/actions/helper.go:27.100,40.46 4 17
github.com/creativesoftwarefdn/weaviate/test/acceptance/actions/helper.go:44.2,44.17 1 17
github.com/creativesoftwarefdn/weaviate/test/acceptance/actions/helper.go:40.46,42.3 1 17
github.com/creativesoftwarefdn/weaviate/test/acceptance/actions/helper.go:47.69,52.49 3 12
github.com/creativesoftwarefdn/weaviate/test/acceptance/actions/helper.go:56.2,56.15 1 12
github.com/creativesoftwarefdn/weaviate/test/acceptance/actions/helper.go:52.49,54.3 1 12
github.com/creativesoftwarefdn/weaviate/test/acceptance/actions/helper.go:59.79,65.35 2 17
github.com/creativesoftwarefdn/weaviate/test/acceptance/actions/helper.go:70.2,74.46 3 17
github.com/creativesoftwarefdn/weaviate/test/acceptance/actions/helper.go:78.2,78.15 1 17
github.com/creativesoftwarefdn/weaviate/test/acceptance/actions/helper.go:65.35,68.3 2 602
github.com/creativesoftwarefdn/weaviate/test/acceptance/actions/helper.go:74.46,76.3 1 17
github.com/creativesoftwarefdn/weaviate/test/acceptance/actions/helper.go:81.77,87.35 2 1
github.com/creativesoftwarefdn/weaviate/test/acceptance/actions/helper.go:92.2,96.46 3 1
github.com/creativesoftwarefdn/weaviate/test/acceptance/actions/helper.go:100.2,100.14 1 1
github.com/creativesoftwarefdn/weaviate/test/acceptance/actions/helper.go:87.35,90.3 2 26
github.com/creativesoftwarefdn/weaviate/test/acceptance/actions/helper.go:96.46,98.3 1 1
github.com/creativesoftwarefdn/weaviate/test/acceptance/actions/helper.go:103.99,115.46 4 1
github.com/creativesoftwarefdn/weaviate/test/acceptance/actions/helper.go:119.2,119.16 1 1
github.com/creativesoftwarefdn/weaviate/test/acceptance/actions/helper.go:115.46,117.3 1 1
github.com/creativesoftwarefdn/weaviate/test/acceptance/actions/helper.go:122.69,125.49 3 2
github.com/creativesoftwarefdn/weaviate/test/acceptance/actions/helper.go:129.2,129.15 1 2
github.com/creativesoftwarefdn/weaviate/test/acceptance/actions/helper.go:125.49,127.3 1 2
github.com/creativesoftwarefdn/weaviate/test/acceptance/actions/helper.go:132.117,133.39 1 2
github.com/creativesoftwarefdn/weaviate/test/acceptance/actions/helper.go:139.2,140.12 2 0
github.com/creativesoftwarefdn/weaviate/test/acceptance/actions/helper.go:133.39,134.31 1 2
github.com/creativesoftwarefdn/weaviate/test/acceptance/actions/helper.go:134.31,136.4 1 2
github.com/creativesoftwarefdn/weaviate/test/acceptance/actions/helper.go:143.134,144.40 1 2
github.com/creativesoftwarefdn/weaviate/test/acceptance/actions/helper.go:150.2,151.12 2 0
github.com/creativesoftwarefdn/weaviate/test/acceptance/actions/helper.go:144.40,145.32 1 14
github.com/creativesoftwarefdn/weaviate/test/acceptance/actions/helper.go:145.32,147.4 1 2
github.com/creativesoftwarefdn/weaviate/test/acceptance/database_schema/helper.go:21.48,26.46 3 3
github.com/creativesoftwarefdn/weaviate/test/acceptance/database_schema/helper.go:32.2,32.14 1 3
github.com/creativesoftwarefdn/weaviate/test/acceptance/database_schema/helper.go:26.46,27.53 1 3
github.com/creativesoftwarefdn/weaviate/test/acceptance/database_schema/helper.go:27.53,29.4 1 28
github.com/creativesoftwarefdn/weaviate/test/acceptance/database_schema/helper.go:36.49,41.46 3 0
github.com/creativesoftwarefdn/weaviate/test/acceptance/database_schema/helper.go:47.2,47.14 1 0
github.com/creativesoftwarefdn/weaviate/test/acceptance/database_schema/helper.go:41.46,42.54 1 0
github.com/creativesoftwarefdn/weaviate/test/acceptance/database_schema/helper.go:42.54,44.4 1 0
github.com/creativesoftwarefdn/weaviate/test/acceptance/graphql_resolvers/graphql_helper.go:31.171,36.16 4 17
github.com/creativesoftwarefdn/weaviate/test/acceptance/graphql_resolvers/graphql_helper.go:40.2,40.30 1 17
github.com/creativesoftwarefdn/weaviate/test/acceptance/graphql_resolvers/graphql_helper.go:36.16,38.3 1 0
github.com/creativesoftwarefdn/weaviate/test/acceptance/graphql_resolvers/graphql_helper.go:44.102,46.16 2 17
github.com/creativesoftwarefdn/weaviate/test/acceptance/graphql_resolvers/graphql_helper.go:54.2,54.31 1 17
github.com/creativesoftwarefdn/weaviate/test/acceptance/graphql_resolvers/graphql_helper.go:59.2,62.40 2 17
github.com/creativesoftwarefdn/weaviate/test/acceptance/graphql_resolvers/graphql_helper.go:66.2,66.37 1 17
github.com/creativesoftwarefdn/weaviate/test/acceptance/graphql_resolvers/graphql_helper.go:46.16,48.10 2 0
github.com/creativesoftwarefdn/weaviate/test/acceptance/graphql_resolvers/graphql_helper.go:51.3,51.111 1 0
github.com/creativesoftwarefdn/weaviate/test/acceptance/graphql_resolvers/graphql_helper.go:48.10,50.4 1 0
github.com/creativesoftwarefdn/weaviate/test/acceptance/graphql_resolvers/graphql_helper.go:54.31,57.3 2 0
github.com/creativesoftwarefdn/weaviate/test/acceptance/graphql_resolvers/graphql_helper.go:62.40,64.3 1 17
github.com/creativesoftwarefdn/weaviate/test/acceptance/graphql_resolvers/graphql_helper.go:70.60,72.29 2 27
github.com/creativesoftwarefdn/weaviate/test/acceptance/graphql_resolvers/graphql_helper.go:81.2,83.3 1 27
github.com/creativesoftwarefdn/weaviate/test/acceptance/graphql_resolvers/graphql_helper.go:72.29,76.10 4 131
github.com/creativesoftwarefdn/weaviate/test/acceptance/graphql_resolvers/graphql_helper.go:76.10,77.90 1 0
github.com/creativesoftwarefdn/weaviate/test/acceptance/graphql_resolvers/graphql_helper.go:87.49,89.2 1 7
github.com/creativesoftwarefdn/weaviate/test/acceptance/graphql_resolvers/json_helper.go:18.48,22.16 3 1
github.com/creativesoftwarefdn/weaviate/test/acceptance/graphql_resolvers/json_helper.go:26.2,26.15 1 1
github.com/creativesoftwarefdn/weaviate/test/acceptance/graphql_resolvers/json_helper.go:22.16,23.13 1 0
